WARNING:  manifest/run_composition_decomp_populations.txt  not found. Cannot verify basis identity.
 Compare n_jackknife_blocks and SNP count below against 708 / 122,804.

######## EXTRACT (single call) ########
ℹ Reading allele frequencies from EIGENSTRAT files...
ℹ Reading part 1 of 100...
ℹ Reading part 2 of 100...
ℹ Reading part 3 of 100...
ℹ Reading part 4 of 100...
ℹ Reading part 5 of 100...
ℹ Reading part 6 of 100...
ℹ Reading part 7 of 100...
ℹ Reading part 8 of 100...
ℹ Reading part 9 of 100...
ℹ Reading part 10 of 100...
ℹ Reading part 11 of 100...
ℹ Reading part 12 of 100...
ℹ Reading part 13 of 100...
ℹ Reading part 14 of 100...
ℹ Reading part 15 of 100...
ℹ Reading part 16 of 100...
ℹ Reading part 17 of 100...
ℹ Reading part 18 of 100...
ℹ Reading part 19 of 100...
ℹ Reading part 20 of 100...
ℹ Reading part 21 of 100...
ℹ Reading part 22 of 100...
ℹ Reading part 23 of 100...
ℹ Reading part 24 of 100...
ℹ Reading part 25 of 100...
ℹ Reading part 26 of 100...
ℹ Reading part 27 of 100...
ℹ Reading part 28 of 100...
ℹ Reading part 29 of 100...
ℹ Reading part 30 of 100...
ℹ Reading part 31 of 100...
ℹ Reading part 32 of 100...
ℹ Reading part 33 of 100...
ℹ Reading part 34 of 100...
ℹ Reading part 35 of 100...
ℹ Reading part 36 of 100...
ℹ Reading part 37 of 100...
ℹ Reading part 38 of 100...
ℹ Reading part 39 of 100...
ℹ Reading part 40 of 100...
ℹ Reading part 41 of 100...
ℹ Reading part 42 of 100...
ℹ Reading part 43 of 100...
ℹ Reading part 44 of 100...
ℹ Reading part 45 of 100...
ℹ Reading part 46 of 100...
ℹ Reading part 47 of 100...
ℹ Reading part 48 of 100...
ℹ Reading part 49 of 100...
ℹ Reading part 50 of 100...
ℹ Reading part 51 of 100...
ℹ Reading part 52 of 100...
ℹ Reading part 53 of 100...
ℹ Reading part 54 of 100...
ℹ Reading part 55 of 100...
ℹ Reading part 56 of 100...
ℹ Reading part 57 of 100...
ℹ Reading part 58 of 100...
ℹ Reading part 59 of 100...
ℹ Reading part 60 of 100...
ℹ Reading part 61 of 100...
ℹ Reading part 62 of 100...
ℹ Reading part 63 of 100...
ℹ Reading part 64 of 100...
ℹ Reading part 65 of 100...
ℹ Reading part 66 of 100...
ℹ Reading part 67 of 100...
ℹ Reading part 68 of 100...
ℹ Reading part 69 of 100...
ℹ Reading part 70 of 100...
ℹ Reading part 71 of 100...
ℹ Reading part 72 of 100...
ℹ Reading part 73 of 100...
ℹ Reading part 74 of 100...
ℹ Reading part 75 of 100...
ℹ Reading part 76 of 100...
ℹ Reading part 77 of 100...
ℹ Reading part 78 of 100...
ℹ Reading part 79 of 100...
ℹ Reading part 80 of 100...
ℹ Reading part 81 of 100...
ℹ Reading part 82 of 100...
ℹ Reading part 83 of 100...
ℹ Reading part 84 of 100...
ℹ Reading part 85 of 100...
ℹ Reading part 86 of 100...
ℹ Reading part 87 of 100...
ℹ Reading part 88 of 100...
ℹ Reading part 89 of 100...
ℹ Reading part 90 of 100...
ℹ Reading part 91 of 100...
ℹ Reading part 92 of 100...
ℹ Reading part 93 of 100...
ℹ Reading part 94 of 100...
ℹ Reading part 95 of 100...
ℹ Reading part 96 of 100...
ℹ Reading part 97 of 100...
ℹ Reading part 98 of 100...
ℹ Reading part 99 of 100...
ℹ Reading part 100 of 100...
ℹ postBA_arb.geno has 443 samples and 137384 SNPs
ℹ Calculating allele frequencies from 300 samples in 14 populations
! 123510 SNPs remain after filtering. 122804 are polymorphic.
ℹ Allele frequency matrix for 123510 SNPs and 14 populations is 23 MB
ℹ Computing pairwise f2 for all SNPs and population pairs requires 636 MB RAM without splitting
ℹ Computing without splitting since 636 < 8000 (maxmem)...
ℹ Data written to /Users/ell_thales/qpadm_project2/f2_uniform_3source/

BASIS: 14 populations, 708 jackknife blocks (expect 708)

######## X <- Turkey_N + Iran + Eneolithic steppe ########
Expect Greece_Minoan_POOL to return a steppe weight near zero, possibly
slightly negative. Report it AS IS. Do NOT drop the steppe term for the
Minoan pool -- a non-uniform left set is the defect this script fixes.

ℹ Computing f4 stats...
ℹ Computing admixture weights...
ℹ Computing standard errors...
ℹ Computing number of admixture waves...
----  Greece_Mycenaean_POOL  ----
# A tibble: 3 × 5
  target                left                        weight     se      z
  <chr>                 <chr>                        <dbl>  <dbl>  <dbl>
1 Greece_Mycenaean_POOL Turkey_N_QC                 0.888  0.0469 18.9  
2 Greece_Mycenaean_POOL Iran_GanjDareh_N_QC         0.0798 0.0246  3.25 
3 Greece_Mycenaean_POOL Russia_Eneolithic_Steppe_QC 0.0322 0.0367  0.879
p = 0.0006686

ℹ Computing f4 stats...
ℹ Computing admixture weights...
ℹ Computing standard errors...
ℹ Computing number of admixture waves...
----  Greece_Minoan_POOL  ----
# A tibble: 3 × 5
  target             left                         weight     se     z
  <chr>              <chr>                         <dbl>  <dbl> <dbl>
1 Greece_Minoan_POOL Turkey_N_QC                  0.938  0.0421 22.3 
2 Greece_Minoan_POOL Iran_GanjDareh_N_QC          0.108  0.0243  4.43
3 Greece_Minoan_POOL Russia_Eneolithic_Steppe_QC -0.0459 0.0305 -1.51
p = 2.045e-05

ℹ Computing f4 stats...
ℹ Computing admixture weights...
ℹ Computing standard errors...
ℹ Computing number of admixture waves...
----  MyDNA  ----
# A tibble: 3 × 5
  target left                        weight     se     z
  <chr>  <chr>                        <dbl>  <dbl> <dbl>
1 MyDNA  Turkey_N_QC                  0.600 0.0943  6.36
2 MyDNA  Iran_GanjDareh_N_QC          0.264 0.0609  4.33
3 MyDNA  Russia_Eneolithic_Steppe_QC  0.136 0.0588  2.31
p = 0.7522

ℹ Computing f4 stats...
ℹ Computing admixture weights...
ℹ Computing standard errors...
ℹ Computing number of admixture waves...
----  Turkey_EBA_WEST  ----
# A tibble: 3 × 5
  target          left                        weight     se     z
  <chr>           <chr>                        <dbl>  <dbl> <dbl>
1 Turkey_EBA_WEST Turkey_N_QC                  0.837 0.0533 15.7 
2 Turkey_EBA_WEST Iran_GanjDareh_N_QC          0.275 0.0295  9.34
3 Turkey_EBA_WEST Russia_Eneolithic_Steppe_QC -0.113 0.0415 -2.72
p = 0.9185

ℹ Computing f4 stats...
ℹ Computing admixture weights...
ℹ Computing standard errors...
ℹ Computing number of admixture waves...
----  Turkey_MLBA_QC  ----
# A tibble: 3 × 5
  target         left                        weight     se     z
  <chr>          <chr>                        <dbl>  <dbl> <dbl>
1 Turkey_MLBA_QC Turkey_N_QC                  0.935 0.0538 17.4 
2 Turkey_MLBA_QC Iran_GanjDareh_N_QC          0.302 0.0333  9.06
3 Turkey_MLBA_QC Russia_Eneolithic_Steppe_QC -0.237 0.0495 -4.78
p = 0.04383

######## RESULT -- one model, one basis, all five populations ########
E_low  = explicit Iran weight        (hard FLOOR on eastern ancestry)
E_high = Iran + steppe weight        (hard CEILING; steppe is not 100% CHG)
The truth lies strictly inside the bracket, for every row.

# A tibble: 5 × 12
  target                w_anf z_anf w_iran z_iran se_iran w_steppe z_steppe
  <chr>                 <dbl> <dbl>  <dbl>  <dbl>   <dbl>    <dbl>    <dbl>
1 Greece_Mycenaean_POOL  88.8 18.9    7.98   3.25    2.46     3.22    0.879
2 Greece_Minoan_POOL     93.8 22.3   10.8    4.43    2.43    -4.59   -1.51 
3 MyDNA                  60.0  6.36  26.4    4.33    6.09    13.6     2.31 
4 Turkey_EBA_WEST        83.8 15.7   27.5    9.34    2.95   -11.3    -2.72 
5 Turkey_MLBA_QC         93.5 17.4   30.2    9.06    3.33   -23.7    -4.78 
  se_steppe   p_model E_low E_high
      <dbl>     <dbl> <dbl>  <dbl>
1      3.67 0.000669   7.98  11.2 
2      3.05 0.0000204 10.8    6.19
3      5.88 0.752     26.4   40.0 
4      4.15 0.919     27.5   16.2 
5      4.95 0.0438    30.2    6.48

DONE. Run as:  Rscript run_uniform_3source.R > manifest/run_uniform_3source.log 2>&1
