==========================================================
 basis_census.R
  2026-07-13 14:05:52 
==========================================================

Scanning 85 files in manifest/ and logs/

######## EVERY DISTINCT BASIS IN THE PROJECT ########

# A tibble: 89 × 3
     basis n_mentions
     <dbl>      <int>
 1 1233013         16
 2 1042205          5
 3 1038102          5
 4  955096          7
 5  950383          7
 6  738041          1
 7  696349          5
 8  638680          3
 9  611041          5
10  571419          5
11  564922          5
12  561372          3
13  524089          3
14  519296          3
15  386166          5
16  355549          3
17  307851          5
18  281089          3
19  142250          8
20  137384         57
21  125076         20
22  125064          5
23  124944          5
24  124377          6
25  124372          6
26  124362         16
27  124252          3
28  124198          3
29  123871          5
30  123825         10
31  123814          5
32  123612          3
33  123602          6
34  123591          3
35  123510         15
36  123506          5
37  123499          5
38  123452          3
39  123405          2
40  123047          3
41  123000          3
42  122969          6
43  122892          3
44  122891         11
45  122862          6
46  122804          6
47  122784          3
48  122704          6
49  122702          6
50  122642          3
51  122365          2
52  121732          2
53  121107          8
54  102565          2
55  102503          2
56  102484          2
57  102431          2
58  102398          2
59  102394          2
60  102385          2
61  102381          2
62  102346          2
63  102344          2
64  102327          2
65  102314         12
66  102305          2
67  102292          2
68  102289          2
69  102285          2
70  102272          2
71  102261          2
72  102216          2
73  102185          2
74  102062          2
75  101706         10
76   89799          5
77   88880          3
78   88776          2
79   88621          5
80   88619          5
81   87612          3
82   87524          3
83   44234          5
84   43788          3
85   38041          2
86   36166          5
87   35732          3
88   33000          2
89   25026          3
   files                                                                        
   <chr>                                                                        
 1 basis_census_mentions.csv, run_aeg_loo.log, run_minoan_split_clean.log       
 2 basis_census_mentions.csv, run_minoan_split_clean.log                        
 3 basis_census_mentions.csv, run_minoan_split_clean.log                        
 4 basis_census_mentions.csv, run_minoan_split_clean.log, run_minoan_split_clea…
 5 basis_census_mentions.csv, run_minoan_split_clean.log, run_minoan_split_clea…
 6 basis_census_mentions.csv                                                    
 7 basis_census_mentions.csv, run_aeg_loo.log                                   
 8 basis_census_mentions.csv, run_aeg_loo.log                                   
 9 basis_census_mentions.csv, run_aeg_loo.log                                   
10 basis_census_mentions.csv, run_aeg_loo.log                                   
11 basis_census_mentions.csv, run_aeg_loo.log                                   
12 basis_census_mentions.csv, run_aeg_loo.log                                   
13 basis_census_mentions.csv, run_aeg_loo.log                                   
14 basis_census_mentions.csv, run_aeg_loo.log                                   
15 basis_census_mentions.csv, run_aeg_loo.log                                   
16 basis_census_mentions.csv, run_aeg_loo.log                                   
17 basis_census_mentions.csv, run_aeg_loo.log                                   
18 basis_census_mentions.csv, run_aeg_loo.log                                   
19 basis_census_mentions.csv, run_74_replication.log, run_aegean_vs_anatolian.l…
20 basis_census_mentions.csv, run_anchor_calibration.log, run_anchor_decisive.l…
21 basis_census_mentions.csv, run_ba_kinprune.log, run_bronze_age_canonical.log 
22 basis_census_mentions.csv, run_anchor_robust.log                             
23 basis_census_mentions.csv, run_f4_negative_control.log                       
24 basis_census_mentions.csv, run_eastern_term_v2.log                           
25 basis_census_mentions.csv, run_eastern_term_v2.log                           
26 basis_census_mentions.csv, run_chisq_calibration.log, run_eastern_term_v2_ba…
27 basis_census_mentions.csv, run_test3.log                                     
28 basis_census_mentions.csv, run_f4_negative_control.log                       
29 basis_census_mentions.csv, run_74_replication.log                            
30 basis_census_mentions.csv, run_aegean_vs_anatolian.log, run_pvalue_pathology…
31 basis_census_mentions.csv, run_test3.log                                     
32 basis_census_mentions.csv, run_ba_kinprune.log                               
33 basis_census_mentions.csv, run_ba_kinprune.log, run_bronze_age_canonical.log 
34 basis_census_mentions.csv, run_ba_kinprune.log                               
35 basis_census_mentions.csv, run_composition_decomp.log, run_rotating.log, run…
36 basis_census_mentions.csv, run_anchor_calibration.log                        
37 basis_census_mentions.csv, run_test3_v2.log                                  
38 basis_census_mentions.csv, run_anchor_robust.log                             
39 basis_census_mentions.csv, run_anchor_integrity.log                          
40 basis_census_mentions.csv, run_aegean_vs_anatolian.log                       
41 basis_census_mentions.csv, run_74_replication.log                            
42 basis_census_mentions.csv, run_test3.log                                     
43 basis_census_mentions.csv, run_rotating.log                                  
44 basis_census_mentions.csv, run_test3_controls_v3.log, run_test3_v2.log       
45 basis_census_mentions.csv, run_eastern_term_v2.log                           
46 basis_census_mentions.csv, run_composition_decomp.log, run_uniform_3source.l…
47 basis_census_mentions.csv, run_pvalue_pathology.log                          
48 basis_census_mentions.csv, run_anchor_integrity_basis.txt, run_anchor_integr…
49 basis_census_mentions.csv, run_anchor_integrity_basis.txt, run_anchor_integr…
50 basis_census_mentions.csv, run_anchor_calibration.log                        
51 basis_census_mentions.csv, run_anchor_integrity.log                          
52 basis_census_mentions.csv, run_anchor_integrity.log                          
53 basis_census_mentions.csv, run_eastern_term_v2_basis.txt, run_eastern_term_v…
54 basis_census_mentions.csv, run_chisq_calibration.log                         
55 basis_census_mentions.csv, run_chisq_calibration.log                         
56 basis_census_mentions.csv, run_chisq_calibration.log                         
57 basis_census_mentions.csv, run_chisq_calibration.log                         
58 basis_census_mentions.csv, run_chisq_calibration.log                         
59 basis_census_mentions.csv, run_chisq_calibration.log                         
60 basis_census_mentions.csv, run_chisq_calibration.log                         
61 basis_census_mentions.csv, run_chisq_calibration.log                         
62 basis_census_mentions.csv, run_chisq_calibration.log                         
63 basis_census_mentions.csv, run_chisq_calibration.log                         
64 basis_census_mentions.csv, run_chisq_calibration.log                         
65 basis_census_mentions.csv, run_eastern_term_v2_basis.txt, run_eastern_term_v…
66 basis_census_mentions.csv, run_chisq_calibration.log                         
67 basis_census_mentions.csv, run_chisq_calibration.log                         
68 basis_census_mentions.csv, run_chisq_calibration.log                         
69 basis_census_mentions.csv, run_chisq_calibration.log                         
70 basis_census_mentions.csv, run_chisq_calibration.log                         
71 basis_census_mentions.csv, run_chisq_calibration.log                         
72 basis_census_mentions.csv, run_chisq_calibration.log                         
73 basis_census_mentions.csv, run_chisq_calibration.log                         
74 basis_census_mentions.csv, run_chisq_calibration.log                         
75 basis_census_mentions.csv, run_eastern_term_v2_basis.txt, run_eastern_term_v…
76 basis_census_mentions.csv, run_anchor_headtohead.log                         
77 basis_census_mentions.csv, run_anchor_headtohead.log                         
78 basis_census_mentions.csv, run_anchor_integrity.log                          
79 basis_census_mentions.csv, run_ba_cline.log                                  
80 basis_census_mentions.csv, run_anchor_decisive.log                           
81 basis_census_mentions.csv, run_ba_cline.log                                  
82 basis_census_mentions.csv, run_anchor_decisive.log                           
83 basis_census_mentions.csv, run_ba_natufian2.log                              
84 basis_census_mentions.csv, run_ba_natufian2.log                              
85 basis_census_mentions.csv, run_eastern_term_v2.log                           
86 basis_census_mentions.csv, run_ba_natufian2.log                              
87 basis_census_mentions.csv, run_ba_natufian2.log                              
88 basis_census_mentions.csv, run_minoan_split_clean.log                        
89 basis_census_mentions.csv, run_ba_kinprune.log                               

>> 89 DISTINCT SNP BASES across 28 files.
>> The one-basis rule says: no table may mix any two of these.

######## THE ANCIENTS-ONLY BASES (Paper A 2.5) ########
# A tibble: 14 × 3
     basis n_mentions
     <dbl>      <int>
 1 1233013         16
 2 1042205          5
 3 1038102          5
 4  955096          7
 5  950383          7
 6  738041          1
 7  696349          5
 8  638680          3
 9  611041          5
10  571419          5
11  564922          5
12  561372          3
13  524089          3
14  519296          3
   files                                                                        
   <chr>                                                                        
 1 basis_census_mentions.csv, run_aeg_loo.log, run_minoan_split_clean.log       
 2 basis_census_mentions.csv, run_minoan_split_clean.log                        
 3 basis_census_mentions.csv, run_minoan_split_clean.log                        
 4 basis_census_mentions.csv, run_minoan_split_clean.log, run_minoan_split_clea…
 5 basis_census_mentions.csv, run_minoan_split_clean.log, run_minoan_split_clea…
 6 basis_census_mentions.csv                                                    
 7 basis_census_mentions.csv, run_aeg_loo.log                                   
 8 basis_census_mentions.csv, run_aeg_loo.log                                   
 9 basis_census_mentions.csv, run_aeg_loo.log                                   
10 basis_census_mentions.csv, run_aeg_loo.log                                   
11 basis_census_mentions.csv, run_aeg_loo.log                                   
12 basis_census_mentions.csv, run_aeg_loo.log                                   
13 basis_census_mentions.csv, run_aeg_loo.log                                   
14 basis_census_mentions.csv, run_aeg_loo.log                                   

>> These come from panels containing NO target genome, built from AADR
>> alone. They are the only bases in this project reproducible from
>> public data. They are NOT comparable to anything below ~124,000.

######## THE CHIP-CEILINGED BASES (target genome in the panel) ########
# A tibble: 69 × 3
    basis n_mentions
    <dbl>      <int>
 1 125076         20
 2 125064          5
 3 124944          5
 4 124377          6
 5 124372          6
 6 124362         16
 7 124252          3
 8 124198          3
 9 123871          5
10 123825         10
11 123814          5
12 123612          3
13 123602          6
14 123591          3
15 123510         15
16 123506          5
17 123499          5
18 123452          3
19 123405          2
20 123047          3
21 123000          3
22 122969          6
23 122892          3
24 122891         11
25 122862          6
26 122804          6
27 122784          3
28 122704          6
29 122702          6
30 122642          3
31 122365          2
32 121732          2
33 121107          8
34 102565          2
35 102503          2
36 102484          2
37 102431          2
38 102398          2
39 102394          2
40 102385          2
41 102381          2
42 102346          2
43 102344          2
44 102327          2
45 102314         12
46 102305          2
47 102292          2
48 102289          2
49 102285          2
50 102272          2
51 102261          2
52 102216          2
53 102185          2
54 102062          2
55 101706         10
56  89799          5
57  88880          3
58  88776          2
59  88621          5
60  88619          5
61  87612          3
62  87524          3
63  44234          5
64  43788          3
65  38041          2
66  36166          5
67  35732          3
68  33000          2
69  25026          3
   files                                                                        
   <chr>                                                                        
 1 basis_census_mentions.csv, run_ba_kinprune.log, run_bronze_age_canonical.log 
 2 basis_census_mentions.csv, run_anchor_robust.log                             
 3 basis_census_mentions.csv, run_f4_negative_control.log                       
 4 basis_census_mentions.csv, run_eastern_term_v2.log                           
 5 basis_census_mentions.csv, run_eastern_term_v2.log                           
 6 basis_census_mentions.csv, run_chisq_calibration.log, run_eastern_term_v2_ba…
 7 basis_census_mentions.csv, run_test3.log                                     
 8 basis_census_mentions.csv, run_f4_negative_control.log                       
 9 basis_census_mentions.csv, run_74_replication.log                            
10 basis_census_mentions.csv, run_aegean_vs_anatolian.log, run_pvalue_pathology…
11 basis_census_mentions.csv, run_test3.log                                     
12 basis_census_mentions.csv, run_ba_kinprune.log                               
13 basis_census_mentions.csv, run_ba_kinprune.log, run_bronze_age_canonical.log 
14 basis_census_mentions.csv, run_ba_kinprune.log                               
15 basis_census_mentions.csv, run_composition_decomp.log, run_rotating.log, run…
16 basis_census_mentions.csv, run_anchor_calibration.log                        
17 basis_census_mentions.csv, run_test3_v2.log                                  
18 basis_census_mentions.csv, run_anchor_robust.log                             
19 basis_census_mentions.csv, run_anchor_integrity.log                          
20 basis_census_mentions.csv, run_aegean_vs_anatolian.log                       
21 basis_census_mentions.csv, run_74_replication.log                            
22 basis_census_mentions.csv, run_test3.log                                     
23 basis_census_mentions.csv, run_rotating.log                                  
24 basis_census_mentions.csv, run_test3_controls_v3.log, run_test3_v2.log       
25 basis_census_mentions.csv, run_eastern_term_v2.log                           
26 basis_census_mentions.csv, run_composition_decomp.log, run_uniform_3source.l…
27 basis_census_mentions.csv, run_pvalue_pathology.log                          
28 basis_census_mentions.csv, run_anchor_integrity_basis.txt, run_anchor_integr…
29 basis_census_mentions.csv, run_anchor_integrity_basis.txt, run_anchor_integr…
30 basis_census_mentions.csv, run_anchor_calibration.log                        
31 basis_census_mentions.csv, run_anchor_integrity.log                          
32 basis_census_mentions.csv, run_anchor_integrity.log                          
33 basis_census_mentions.csv, run_eastern_term_v2_basis.txt, run_eastern_term_v…
34 basis_census_mentions.csv, run_chisq_calibration.log                         
35 basis_census_mentions.csv, run_chisq_calibration.log                         
36 basis_census_mentions.csv, run_chisq_calibration.log                         
37 basis_census_mentions.csv, run_chisq_calibration.log                         
38 basis_census_mentions.csv, run_chisq_calibration.log                         
39 basis_census_mentions.csv, run_chisq_calibration.log                         
40 basis_census_mentions.csv, run_chisq_calibration.log                         
41 basis_census_mentions.csv, run_chisq_calibration.log                         
42 basis_census_mentions.csv, run_chisq_calibration.log                         
43 basis_census_mentions.csv, run_chisq_calibration.log                         
44 basis_census_mentions.csv, run_chisq_calibration.log                         
45 basis_census_mentions.csv, run_eastern_term_v2_basis.txt, run_eastern_term_v…
46 basis_census_mentions.csv, run_chisq_calibration.log                         
47 basis_census_mentions.csv, run_chisq_calibration.log                         
48 basis_census_mentions.csv, run_chisq_calibration.log                         
49 basis_census_mentions.csv, run_chisq_calibration.log                         
50 basis_census_mentions.csv, run_chisq_calibration.log                         
51 basis_census_mentions.csv, run_chisq_calibration.log                         
52 basis_census_mentions.csv, run_chisq_calibration.log                         
53 basis_census_mentions.csv, run_chisq_calibration.log                         
54 basis_census_mentions.csv, run_chisq_calibration.log                         
55 basis_census_mentions.csv, run_eastern_term_v2_basis.txt, run_eastern_term_v…
56 basis_census_mentions.csv, run_anchor_headtohead.log                         
57 basis_census_mentions.csv, run_anchor_headtohead.log                         
58 basis_census_mentions.csv, run_anchor_integrity.log                          
59 basis_census_mentions.csv, run_ba_cline.log                                  
60 basis_census_mentions.csv, run_anchor_decisive.log                           
61 basis_census_mentions.csv, run_ba_cline.log                                  
62 basis_census_mentions.csv, run_anchor_decisive.log                           
63 basis_census_mentions.csv, run_ba_natufian2.log                              
64 basis_census_mentions.csv, run_ba_natufian2.log                              
65 basis_census_mentions.csv, run_eastern_term_v2.log                           
66 basis_census_mentions.csv, run_ba_natufian2.log                              
67 basis_census_mentions.csv, run_ba_natufian2.log                              
68 basis_census_mentions.csv, run_minoan_split_clean.log                        
69 basis_census_mentions.csv, run_ba_kinprune.log                               

>> Every one of these sits under the ~123,871 SNP ceiling imposed by a
>> 23andMe v5 chip. Any panel built by merging the target genome carries
>> that ceiling -- INCLUDING tests that never use the target.
>> That is the defect corrected in Paper A v1.2 2.5.

Written: manifest/basis_census.csv, manifest/basis_census_mentions.csv
Done.
