ℹ Reading allele frequencies from EIGENSTRAT files...
ℹ Reading part 1 of 100...
ℹ Reading part 2 of 100...
ℹ Reading part 3 of 100...
ℹ Reading part 4 of 100...
ℹ Reading part 5 of 100...
ℹ Reading part 6 of 100...
ℹ Reading part 7 of 100...
ℹ Reading part 8 of 100...
ℹ Reading part 9 of 100...
ℹ Reading part 10 of 100...
ℹ Reading part 11 of 100...
ℹ Reading part 12 of 100...
ℹ Reading part 13 of 100...
ℹ Reading part 14 of 100...
ℹ Reading part 15 of 100...
ℹ Reading part 16 of 100...
ℹ Reading part 17 of 100...
ℹ Reading part 18 of 100...
ℹ Reading part 19 of 100...
ℹ Reading part 20 of 100...
ℹ Reading part 21 of 100...
ℹ Reading part 22 of 100...
ℹ Reading part 23 of 100...
ℹ Reading part 24 of 100...
ℹ Reading part 25 of 100...
ℹ Reading part 26 of 100...
ℹ Reading part 27 of 100...
ℹ Reading part 28 of 100...
ℹ Reading part 29 of 100...
ℹ Reading part 30 of 100...
ℹ Reading part 31 of 100...
ℹ Reading part 32 of 100...
ℹ Reading part 33 of 100...
ℹ Reading part 34 of 100...
ℹ Reading part 35 of 100...
ℹ Reading part 36 of 100...
ℹ Reading part 37 of 100...
ℹ Reading part 38 of 100...
ℹ Reading part 39 of 100...
ℹ Reading part 40 of 100...
ℹ Reading part 41 of 100...
ℹ Reading part 42 of 100...
ℹ Reading part 43 of 100...
ℹ Reading part 44 of 100...
ℹ Reading part 45 of 100...
ℹ Reading part 46 of 100...
ℹ Reading part 47 of 100...
ℹ Reading part 48 of 100...
ℹ Reading part 49 of 100...
ℹ Reading part 50 of 100...
ℹ Reading part 51 of 100...
ℹ Reading part 52 of 100...
ℹ Reading part 53 of 100...
ℹ Reading part 54 of 100...
ℹ Reading part 55 of 100...
ℹ Reading part 56 of 100...
ℹ Reading part 57 of 100...
ℹ Reading part 58 of 100...
ℹ Reading part 59 of 100...
ℹ Reading part 60 of 100...
ℹ Reading part 61 of 100...
ℹ Reading part 62 of 100...
ℹ Reading part 63 of 100...
ℹ Reading part 64 of 100...
ℹ Reading part 65 of 100...
ℹ Reading part 66 of 100...
ℹ Reading part 67 of 100...
ℹ Reading part 68 of 100...
ℹ Reading part 69 of 100...
ℹ Reading part 70 of 100...
ℹ Reading part 71 of 100...
ℹ Reading part 72 of 100...
ℹ Reading part 73 of 100...
ℹ Reading part 74 of 100...
ℹ Reading part 75 of 100...
ℹ Reading part 76 of 100...
ℹ Reading part 77 of 100...
ℹ Reading part 78 of 100...
ℹ Reading part 79 of 100...
ℹ Reading part 80 of 100...
ℹ Reading part 81 of 100...
ℹ Reading part 82 of 100...
ℹ Reading part 83 of 100...
ℹ Reading part 84 of 100...
ℹ Reading part 85 of 100...
ℹ Reading part 86 of 100...
ℹ Reading part 87 of 100...
ℹ Reading part 88 of 100...
ℹ Reading part 89 of 100...
ℹ Reading part 90 of 100...
ℹ Reading part 91 of 100...
ℹ Reading part 92 of 100...
ℹ Reading part 93 of 100...
ℹ Reading part 94 of 100...
ℹ Reading part 95 of 100...
ℹ Reading part 96 of 100...
ℹ Reading part 97 of 100...
ℹ Reading part 98 of 100...
ℹ Reading part 99 of 100...
ℹ Reading part 100 of 100...
ℹ postBA_arb.geno has 443 samples and 137384 SNPs
ℹ Calculating allele frequencies from 292 samples in 13 populations
! 124944 SNPs remain after filtering. 124198 are polymorphic.
ℹ Allele frequency matrix for 124944 SNPs and 13 populations is 22 MB
ℹ Computing pairwise f2 for all SNPs and population pairs requires 572 MB RAM without splitting
ℹ Computing without splitting since 572 < 8000 (maxmem)...
ℹ Data written to /Users/ell_thales/qpadm_project2/f2_f4_negctrl/
ℹ Reading precomputed data for 13 populations...
ℹ Reading f2 data for 91 pairs...

BASIS: blocks = 708 

######## SIGN CONTROL ########
# A tibble: 1 × 8
  pop1  pop2               pop3        pop4          est      se     z         p
  <chr> <chr>              <chr>       <chr>       <dbl>   <dbl> <dbl>     <dbl>
1 Mbuti Greece_Minoan_POOL Turkey_N_QC Russia_… -0.00790 2.37e-4 -33.4 4.79e-244

######## NEGATIVE CONTROL ########
# A tibble: 1 × 8
  pop1  pop2                  pop3         pop4       est      se     z        p
  <chr> <chr>                 <chr>        <chr>    <dbl>   <dbl> <dbl>    <dbl>
1 Mbuti Greece_Mycenaean_POOL Greece_Mino… Turk… -0.00225 2.11e-4 -10.6 1.76e-26
# A tibble: 1 × 8
  pop1  pop2  pop3               pop4                 est       se     z       p
  <chr> <chr> <chr>              <chr>              <dbl>    <dbl> <dbl>   <dbl>
1 Mbuti MyDNA Greece_Minoan_POOL Turkey_EBA_WEST -0.00134 0.000285 -4.70 2.64e-6
# A tibble: 1 × 8
  pop1  pop2           pop3               pop4         est      se     z       p
  <chr> <chr>          <chr>              <chr>      <dbl>   <dbl> <dbl>   <dbl>
1 Mbuti Turkey_MLBA_QC Greece_Minoan_POOL Turkey… -0.00126 2.17e-4 -5.80 6.65e-9

######## 5.5 DIRECT CONTRAST ########
# A tibble: 1 × 8
  pop1  pop2               pop3            pop4       est      se     z        p
  <chr> <chr>              <chr>           <chr>    <dbl>   <dbl> <dbl>    <dbl>
1 Mbuti Greece_Minoan_POOL Greece_Mycenae… Turk… -0.00198 1.84e-4 -10.7 6.06e-27
# A tibble: 1 × 8
  pop1  pop2               pop3  pop4                est       se     z     p
  <chr> <chr>              <chr> <chr>             <dbl>    <dbl> <dbl> <dbl>
1 Mbuti Greece_Minoan_POOL MyDNA Turkey_MLBA_QC 0.000594 0.000363  1.64 0.102
