ℹ Reading allele frequencies from EIGENSTRAT files...
ℹ Reading part 1 of 100...
ℹ Reading part 2 of 100...
ℹ Reading part 3 of 100...
ℹ Reading part 4 of 100...
ℹ Reading part 5 of 100...
ℹ Reading part 6 of 100...
ℹ Reading part 7 of 100...
ℹ Reading part 8 of 100...
ℹ Reading part 9 of 100...
ℹ Reading part 10 of 100...
ℹ Reading part 11 of 100...
ℹ Reading part 12 of 100...
ℹ Reading part 13 of 100...
ℹ Reading part 14 of 100...
ℹ Reading part 15 of 100...
ℹ Reading part 16 of 100...
ℹ Reading part 17 of 100...
ℹ Reading part 18 of 100...
ℹ Reading part 19 of 100...
ℹ Reading part 20 of 100...
ℹ Reading part 21 of 100...
ℹ Reading part 22 of 100...
ℹ Reading part 23 of 100...
ℹ Reading part 24 of 100...
ℹ Reading part 25 of 100...
ℹ Reading part 26 of 100...
ℹ Reading part 27 of 100...
ℹ Reading part 28 of 100...
ℹ Reading part 29 of 100...
ℹ Reading part 30 of 100...
ℹ Reading part 31 of 100...
ℹ Reading part 32 of 100...
ℹ Reading part 33 of 100...
ℹ Reading part 34 of 100...
ℹ Reading part 35 of 100...
ℹ Reading part 36 of 100...
ℹ Reading part 37 of 100...
ℹ Reading part 38 of 100...
ℹ Reading part 39 of 100...
ℹ Reading part 40 of 100...
ℹ Reading part 41 of 100...
ℹ Reading part 42 of 100...
ℹ Reading part 43 of 100...
ℹ Reading part 44 of 100...
ℹ Reading part 45 of 100...
ℹ Reading part 46 of 100...
ℹ Reading part 47 of 100...
ℹ Reading part 48 of 100...
ℹ Reading part 49 of 100...
ℹ Reading part 50 of 100...
ℹ Reading part 51 of 100...
ℹ Reading part 52 of 100...
ℹ Reading part 53 of 100...
ℹ Reading part 54 of 100...
ℹ Reading part 55 of 100...
ℹ Reading part 56 of 100...
ℹ Reading part 57 of 100...
ℹ Reading part 58 of 100...
ℹ Reading part 59 of 100...
ℹ Reading part 60 of 100...
ℹ Reading part 61 of 100...
ℹ Reading part 62 of 100...
ℹ Reading part 63 of 100...
ℹ Reading part 64 of 100...
ℹ Reading part 65 of 100...
ℹ Reading part 66 of 100...
ℹ Reading part 67 of 100...
ℹ Reading part 68 of 100...
ℹ Reading part 69 of 100...
ℹ Reading part 70 of 100...
ℹ Reading part 71 of 100...
ℹ Reading part 72 of 100...
ℹ Reading part 73 of 100...
ℹ Reading part 74 of 100...
ℹ Reading part 75 of 100...
ℹ Reading part 76 of 100...
ℹ Reading part 77 of 100...
ℹ Reading part 78 of 100...
ℹ Reading part 79 of 100...
ℹ Reading part 80 of 100...
ℹ Reading part 81 of 100...
ℹ Reading part 82 of 100...
ℹ Reading part 83 of 100...
ℹ Reading part 84 of 100...
ℹ Reading part 85 of 100...
ℹ Reading part 86 of 100...
ℹ Reading part 87 of 100...
ℹ Reading part 88 of 100...
ℹ Reading part 89 of 100...
ℹ Reading part 90 of 100...
ℹ Reading part 91 of 100...
ℹ Reading part 92 of 100...
ℹ Reading part 93 of 100...
ℹ Reading part 94 of 100...
ℹ Reading part 95 of 100...
ℹ Reading part 96 of 100...
ℹ Reading part 97 of 100...
ℹ Reading part 98 of 100...
ℹ Reading part 99 of 100...
ℹ Reading part 100 of 100...
ℹ postBA_arb.geno has 443 samples and 137384 SNPs
ℹ Calculating allele frequencies from 328 samples in 15 populations
! 123510 SNPs remain after filtering. 122892 are polymorphic.
ℹ Allele frequency matrix for 123510 SNPs and 15 populations is 24 MB
ℹ Computing pairwise f2 for all SNPs and population pairs requires 711 MB RAM without splitting
ℹ Computing without splitting since 711 < 8000 (maxmem)...
ℹ Data written to /Users/ell_thales/qpadm_project2/f2_rotating_audit/
ℹ Reading precomputed data for 15 populations...
ℹ Reading f2 data for 120 pairs...

BASIS: populations = 15  blocks = 708 

######## BASE DESIGN: six fixed outgroups ########

ℹ Computing f4 stats...
ℹ Computing admixture weights...
ℹ Computing standard errors...
ℹ Computing number of admixture waves...
  Turkey_EBA_WEST + Russia_Yamnaya_QC            p = 0.887        Turkey_EBA_WEST 71.4% (Z 11.00) | Russia_Yamnaya_QC 28.6% (Z 4.41)
ℹ Computing f4 stats...
ℹ Computing admixture weights...
ℹ Computing standard errors...
ℹ Computing number of admixture waves...
  Turkey_EBA_WEST + Russia_Eneolithic_Steppe_QC  p = 0.85         Turkey_EBA_WEST 80.4% (Z 17.47) | Russia_Eneolithic_Steppe_QC 19.6% (Z 4.25)
ℹ Computing f4 stats...
ℹ Computing admixture weights...
ℹ Computing standard errors...
ℹ Computing number of admixture waves...
  Turkey_EBA_WEST + Iran_GanjDareh_N_QC + Russia_Yamnaya_QC p = 0.811        Turkey_EBA_WEST 66.5% (Z 5.10) | Iran_GanjDareh_N_QC 3.5% (Z 0.43) | Russia_Yamnaya_QC 30.0% (Z 4.19)
ℹ Computing f4 stats...
ℹ Computing admixture weights...
ℹ Computing standard errors...
ℹ Computing number of admixture waves...
  Greece_Minoan_POOL + Iran_GanjDareh_N_QC + Russia_Eneolithic_Steppe_QC p = 0.404        Greece_Minoan_POOL 62.3% (Z 6.07) | Iran_GanjDareh_N_QC 20.7% (Z 3.12) | Russia_Eneolithic_Steppe_QC 17.0% (Z 3.02)
ℹ Computing f4 stats...
ℹ Computing admixture weights...
ℹ Computing standard errors...
ℹ Computing number of admixture waves...
  Greece_Minoan_POOL + Iran_GanjDareh_N_QC + Russia_Yamnaya_QC p = 0.382        Greece_Minoan_POOL 58.4% (Z 5.16) | Iran_GanjDareh_N_QC 17.6% (Z 2.95) | Russia_Yamnaya_QC 24.1% (Z 3.00)

######## ROTATING DESIGN: unused candidates go right ########

ℹ Computing f4 stats...
ℹ Computing admixture weights...
ℹ Computing standard errors...
ℹ Computing number of admixture waves...
  Turkey_EBA_WEST + Russia_Yamnaya_QC            p = 9.61e-06     Turkey_EBA_WEST 84.9% (Z 39.51) | Russia_Yamnaya_QC 15.1% (Z 7.05)
ℹ Computing f4 stats...
ℹ Computing admixture weights...
ℹ Computing standard errors...
ℹ Computing number of admixture waves...
  Turkey_EBA_WEST + Russia_Eneolithic_Steppe_QC  p = 0.0123       Turkey_EBA_WEST 85.3% (Z 44.42) | Russia_Eneolithic_Steppe_QC 14.7% (Z 7.68)
ℹ Computing f4 stats...
ℹ Computing admixture weights...
ℹ Computing standard errors...
ℹ Computing number of admixture waves...
  Turkey_EBA_WEST + Iran_GanjDareh_N_QC + Russia_Yamnaya_QC p = 1.88e-06     Turkey_EBA_WEST 84.7% (Z 23.98) | Iran_GanjDareh_N_QC 0.3% (Z 0.06) | Russia_Yamnaya_QC 14.9% (Z 4.56)
ℹ Computing f4 stats...
ℹ Computing admixture weights...
ℹ Computing standard errors...
ℹ Computing number of admixture waves...
  Greece_Minoan_POOL + Iran_GanjDareh_N_QC + Russia_Eneolithic_Steppe_QC p = 0.033        Greece_Minoan_POOL 69.8% (Z 26.62) | Iran_GanjDareh_N_QC 17.8% (Z 4.38) | Russia_Eneolithic_Steppe_QC 12.4% (Z 4.84)
ℹ Computing f4 stats...
ℹ Computing admixture weights...
ℹ Computing standard errors...
ℹ Computing number of admixture waves...
  Greece_Minoan_POOL + Iran_GanjDareh_N_QC + Russia_Yamnaya_QC p = 5.14e-05     Greece_Minoan_POOL 69.2% (Z 25.75) | Iran_GanjDareh_N_QC 19.6% (Z 4.49) | Russia_Yamnaya_QC 11.2% (Z 3.66)

######## ROTATION POWER CONTROL ########
Mycenaean from its OWN ancestors. Independent audit: 86.9 / 13.1.
Rotation must RECOVER this, and must ANNIHILATE the wrong source.

ℹ Computing f4 stats...
ℹ Computing admixture weights...
ℹ Computing standard errors...
ℹ Computing number of admixture waves...
  Greece_Minoan_POOL + Russia_Yamnaya_QC         p = 0.168        Greece_Minoan_POOL 86.5% (Z 112.02) | Russia_Yamnaya_QC 13.5% (Z 17.41)
ℹ Computing f4 stats...
ℹ Computing admixture weights...
ℹ Computing standard errors...
ℹ Computing number of admixture waves...
  Turkey_EBA_WEST + Russia_Yamnaya_QC            p = 2.14e-29     Turkey_EBA_WEST 95.6% (Z 78.93) | Russia_Yamnaya_QC 4.4% (Z 3.60)

######## ROTATION REJECTS A TRUE RELATIONSHIP ########
Turkey_MLBA from its OWN Bronze Age Anatolian ancestors.
If rotation rejects this, it cannot adjudicate a disputed case.

ℹ Computing f4 stats...
ℹ Computing admixture weights...
ℹ Computing standard errors...
ℹ Computing number of admixture waves...
  Turkey_EBA_WEST + Iran_GanjDareh_N_QC + Russia_Yamnaya_QC p = 0.000187     Turkey_EBA_WEST 91.8% (Z 50.42) | Iran_GanjDareh_N_QC 14.1% (Z 4.69) | Russia_Yamnaya_QC -5.8% (Z -2.51)
ℹ Computing f4 stats...
ℹ Computing admixture weights...
ℹ Computing standard errors...
ℹ Computing number of admixture waves...
  Turkey_EBA_WEST + Iran_GanjDareh_N_QC          p = 4.05e-06     Turkey_EBA_WEST 93.2% (Z 46.27) | Iran_GanjDareh_N_QC 6.8% (Z 3.38)
ℹ Computing f4 stats...
ℹ Computing admixture weights...
ℹ Computing standard errors...
ℹ Computing number of admixture waves...
  Turkey_EBA_WEST                                p = 1.85e-12     Turkey_EBA_WEST 100.0% (Z 5625522494130.55)

  -- same, with Turkey_N removed from the rotation --
ℹ Computing f4 stats...
ℹ Computing admixture weights...
ℹ Computing standard errors...
ℹ Computing number of admixture waves...
  Turkey_EBA_WEST + Iran_GanjDareh_N_QC + Russia_Yamnaya_QC p = 0.00635      Turkey_EBA_WEST 94.6% (Z 45.93) | Iran_GanjDareh_N_QC 11.4% (Z 3.33) | Russia_Yamnaya_QC -6.0% (Z -2.59)
ℹ Computing f4 stats...
ℹ Computing admixture weights...
ℹ Computing standard errors...
ℹ Computing number of admixture waves...
  Turkey_EBA_WEST + Iran_GanjDareh_N_QC          p = 8.62e-05     Turkey_EBA_WEST 95.9% (Z 46.53) | Iran_GanjDareh_N_QC 4.1% (Z 1.98)
ℹ Computing f4 stats...
ℹ Computing admixture weights...
ℹ Computing standard errors...
ℹ Computing number of admixture waves...
  Turkey_EBA_WEST                                p = 9.53e-09     Turkey_EBA_WEST 100.0% (Z 5625522494130.55)

######## MATCHED DEGREES OF FREEDOM ########
At equal source counts, does the ranking of the two anchors flip?

2-source:
ℹ Computing f4 stats...
ℹ Computing admixture weights...
ℹ Computing standard errors...
ℹ Computing number of admixture waves...
  Greece_Minoan_POOL + Russia_Yamnaya_QC         p = 2.75e-09     Greece_Minoan_POOL 77.8% (Z 41.11) | Russia_Yamnaya_QC 22.2% (Z 11.71)
ℹ Computing f4 stats...
ℹ Computing admixture weights...
ℹ Computing standard errors...
ℹ Computing number of admixture waves...
  Turkey_EBA_WEST + Russia_Yamnaya_QC            p = 9.61e-06     Turkey_EBA_WEST 84.9% (Z 39.51) | Russia_Yamnaya_QC 15.1% (Z 7.05)
3-source:
ℹ Computing f4 stats...
ℹ Computing admixture weights...
ℹ Computing standard errors...
ℹ Computing number of admixture waves...
  Greece_Minoan_POOL + Iran_GanjDareh_N_QC + Russia_Yamnaya_QC p = 5.14e-05     Greece_Minoan_POOL 69.2% (Z 25.75) | Iran_GanjDareh_N_QC 19.6% (Z 4.49) | Russia_Yamnaya_QC 11.2% (Z 3.66)
ℹ Computing f4 stats...
ℹ Computing admixture weights...
ℹ Computing standard errors...
ℹ Computing number of admixture waves...
  Turkey_EBA_WEST + Iran_GanjDareh_N_QC + Russia_Yamnaya_QC p = 1.88e-06     Turkey_EBA_WEST 84.7% (Z 23.98) | Iran_GanjDareh_N_QC 0.3% (Z 0.06) | Russia_Yamnaya_QC 14.9% (Z 4.56)
