==========================================================
 run_chisq_exhibit.R   2026-07-13 17:54:10 
==========================================================

Model (FIXED throughout): Germany_Esperstedt_CordedWare <- Russia_Samara_EBA_Yamnaya + Czechia_N_GlobularAmphora 
Right (FIXED throughout): six canonical + Kotias
The ONLY thing that changes is which populations are in the EXTRACT.

PRE-REGISTERED:
  P1. Each thin population collapses the SNP basis by >10%.        [~85%]
  P2. chi^2 FALLS when a thin population enters the extract, while
      random loss of the same magnitude makes it RISE.             [~70%]
  P3. The observed chi^2 lies BELOW the entire random-loss null at
      matched N -- i.e. outside 20/20 replicates.                  [~60%]
  P4. At least one thin population flips the model from REJECTED to
      NOT REJECTED -- a conclusion reversed by a population the model
      never uses.                                                  [~70%]
  FAILURE MODE: if chi^2 rises (as under random loss), the exhibit is
      just power loss and §3 must be retracted.

##### 1. baseline: the core extract #####
ℹ Computing f4 stats...
ℹ Computing admixture weights...
ℹ Computing standard errors...
ℹ Computing number of admixture waves...
Warning message:
In discard_snps(snpdat, maxmiss = maxmiss, auto_only = auto_only,  :
  Keeping only chromosomes 1 to 22! Set `auto_only = FALSE` to keep all chromosomes!
  N = 898,057   chi^2 = 13.93   dof 5   p = 0.01603   [REJECTS]

##### 2. THE EXHIBIT: add a thin population to the EXTRACT ONLY #####
The model does not change. The right set does not change. Only the extract.

ℹ Computing f4 stats...
ℹ Computing admixture weights...
ℹ Computing standard errors...
ℹ Computing number of admixture waves...
  + Turkey_Epipaleolithic      N = 746,953   (-16.8%)   chi^2 = 10.22   p = 0.06912   >>> NO LONGER REJECTS <<<
ℹ Computing f4 stats...
ℹ Computing admixture weights...
ℹ Computing standard errors...
ℹ Computing number of admixture waves...
  + Israel_Natufian            N = 639,313   (-28.8%)   chi^2 = 11.94   p = 0.03558   still rejects
Warning messages:
1: In discard_snps(snpdat, maxmiss = maxmiss, auto_only = auto_only,  :
  Keeping only chromosomes 1 to 22! Set `auto_only = FALSE` to keep all chromosomes!
2: In discard_snps(snpdat, maxmiss = maxmiss, auto_only = auto_only,  :
  Keeping only chromosomes 1 to 22! Set `auto_only = FALSE` to keep all chromosomes!

##### 3. THE NULL: random SNP loss to the SAME basis #####
Uniform loss by construction. This is what chi^2 does when the SNPs that
go missing are NOT ascertained.

ℹ Computing f4 stats...
ℹ Computing admixture weights...
ℹ Computing standard errors...
ℹ Computing number of admixture waves...
ℹ Computing f4 stats...
ℹ Computing admixture weights...
ℹ Computing standard errors...
ℹ Computing number of admixture waves...
ℹ Computing f4 stats...
ℹ Computing admixture weights...
ℹ Computing standard errors...
ℹ Computing number of admixture waves...
ℹ Computing f4 stats...
ℹ Computing admixture weights...
ℹ Computing standard errors...
ℹ Computing number of admixture waves...
ℹ Computing f4 stats...
ℹ Computing admixture weights...
ℹ Computing standard errors...
ℹ Computing number of admixture waves...
ℹ Computing f4 stats...
ℹ Computing admixture weights...
ℹ Computing standard errors...
ℹ Computing number of admixture waves...
ℹ Computing f4 stats...
ℹ Computing admixture weights...
ℹ Computing standard errors...
ℹ Computing number of admixture waves...
ℹ Computing f4 stats...
ℹ Computing admixture weights...
ℹ Computing standard errors...
ℹ Computing number of admixture waves...
ℹ Computing f4 stats...
ℹ Computing admixture weights...
ℹ Computing standard errors...
ℹ Computing number of admixture waves...
ℹ Computing f4 stats...
ℹ Computing admixture weights...
ℹ Computing standard errors...
ℹ Computing number of admixture waves...
ℹ Computing f4 stats...
ℹ Computing admixture weights...
ℹ Computing standard errors...
ℹ Computing number of admixture waves...
ℹ Computing f4 stats...
ℹ Computing admixture weights...
ℹ Computing standard errors...
ℹ Computing number of admixture waves...
ℹ Computing f4 stats...
ℹ Computing admixture weights...
ℹ Computing standard errors...
ℹ Computing number of admixture waves...
ℹ Computing f4 stats...
ℹ Computing admixture weights...
ℹ Computing standard errors...
ℹ Computing number of admixture waves...
ℹ Computing f4 stats...
ℹ Computing admixture weights...
ℹ Computing standard errors...
ℹ Computing number of admixture waves...
ℹ Computing f4 stats...
ℹ Computing admixture weights...
ℹ Computing standard errors...
ℹ Computing number of admixture waves...
ℹ Computing f4 stats...
ℹ Computing admixture weights...
ℹ Computing standard errors...
ℹ Computing number of admixture waves...
ℹ Computing f4 stats...
ℹ Computing admixture weights...
ℹ Computing standard errors...
ℹ Computing number of admixture waves...
ℹ Computing f4 stats...
ℹ Computing admixture weights...
ℹ Computing standard errors...
ℹ Computing number of admixture waves...
ℹ Computing f4 stats...
ℹ Computing admixture weights...
ℹ Computing standard errors...
ℹ Computing number of admixture waves...
  matched to '+ Turkey_Epipaleolithic'  (N ~ 746,953, 16.8% loss)
    random-loss chi^2:  median 18.34   range 16.21 - 21.09   (20 reps)
    "chi^2 ~ N" would predict: 11.59
    OBSERVED with the thin pop: 10.22   >>> BELOW THE ENTIRE NULL <<<

ℹ Computing f4 stats...
ℹ Computing admixture weights...
ℹ Computing standard errors...
ℹ Computing number of admixture waves...
ℹ Computing f4 stats...
ℹ Computing admixture weights...
ℹ Computing standard errors...
ℹ Computing number of admixture waves...
ℹ Computing f4 stats...
ℹ Computing admixture weights...
ℹ Computing standard errors...
ℹ Computing number of admixture waves...
ℹ Computing f4 stats...
ℹ Computing admixture weights...
ℹ Computing standard errors...
ℹ Computing number of admixture waves...
ℹ Computing f4 stats...
ℹ Computing admixture weights...
ℹ Computing standard errors...
ℹ Computing number of admixture waves...
ℹ Computing f4 stats...
ℹ Computing admixture weights...
ℹ Computing standard errors...
ℹ Computing number of admixture waves...
ℹ Computing f4 stats...
ℹ Computing admixture weights...
ℹ Computing standard errors...
ℹ Computing number of admixture waves...
ℹ Computing f4 stats...
ℹ Computing admixture weights...
ℹ Computing standard errors...
ℹ Computing number of admixture waves...
ℹ Computing f4 stats...
ℹ Computing admixture weights...
ℹ Computing standard errors...
ℹ Computing number of admixture waves...
ℹ Computing f4 stats...
ℹ Computing admixture weights...
ℹ Computing standard errors...
ℹ Computing number of admixture waves...
ℹ Computing f4 stats...
ℹ Computing admixture weights...
ℹ Computing standard errors...
ℹ Computing number of admixture waves...
ℹ Computing f4 stats...
ℹ Computing admixture weights...
ℹ Computing standard errors...
ℹ Computing number of admixture waves...
ℹ Computing f4 stats...
ℹ Computing admixture weights...
ℹ Computing standard errors...
ℹ Computing number of admixture waves...
ℹ Computing f4 stats...
ℹ Computing admixture weights...
ℹ Computing standard errors...
ℹ Computing number of admixture waves...
ℹ Computing f4 stats...
ℹ Computing admixture weights...
ℹ Computing standard errors...
ℹ Computing number of admixture waves...
ℹ Computing f4 stats...
ℹ Computing admixture weights...
ℹ Computing standard errors...
ℹ Computing number of admixture waves...
ℹ Computing f4 stats...
ℹ Computing admixture weights...
ℹ Computing standard errors...
ℹ Computing number of admixture waves...
ℹ Computing f4 stats...
ℹ Computing admixture weights...
ℹ Computing standard errors...
ℹ Computing number of admixture waves...
ℹ Computing f4 stats...
ℹ Computing admixture weights...
ℹ Computing standard errors...
ℹ Computing number of admixture waves...
ℹ Computing f4 stats...
ℹ Computing admixture weights...
ℹ Computing standard errors...
ℹ Computing number of admixture waves...
  matched to '+ Israel_Natufian'  (N ~ 639,313, 28.8% loss)
    random-loss chi^2:  median 18.70   range 13.41 - 23.08   (20 reps)
    "chi^2 ~ N" would predict: 9.92
    OBSERVED with the thin pop: 11.94   >>> BELOW THE ENTIRE NULL <<<

There were 39 warnings (use warnings() to see them)
==========================================================
 VERDICT
==========================================================

                 added exhibit_chisq null_min null_median null_max outside
       Israel_Natufian         11.94    13.41       18.70    23.08    TRUE
 Turkey_Epipaleolithic         10.22    16.21       18.34    21.09    TRUE
 naive      n   loss       p
  9.92 639313 0.2881 0.03558
 11.59 746953 0.1683 0.06912

  Thin populations that collapse the basis:  2 of 2
  Conclusions REVERSED (reject -> not reject): 1 of 2
  chi^2 BELOW the entire random-loss null:     2 of 2

  §3 SURVIVES, ON PUBLIC DATA, WITH THE CORRECT NULL.

  Under random SNP loss chi^2 RISES. With a thin population in the
  extract it FALLS -- below every one of 20 random-loss replicates at
  the same basis. The surviving SNPs are that genome's coverage
  footprint: an ascertained subset, not a random one.

  RESTATE THE DIAGNOSTIC:
    NOT  'chi^2 fell faster than the SNP count'   (the premise is false)
    BUT  'chi^2 fell when random loss says it should have risen'

----------------------------------------------------------

Manifest: manifest/run_chisq_exhibit.txt
Done.
