ℹ Reading allele frequencies from EIGENSTRAT files...
ℹ Reading part 1 of 100...
ℹ Reading part 2 of 100...
ℹ Reading part 3 of 100...
ℹ Reading part 4 of 100...
ℹ Reading part 5 of 100...
ℹ Reading part 6 of 100...
ℹ Reading part 7 of 100...
ℹ Reading part 8 of 100...
ℹ Reading part 9 of 100...
ℹ Reading part 10 of 100...
ℹ Reading part 11 of 100...
ℹ Reading part 12 of 100...
ℹ Reading part 13 of 100...
ℹ Reading part 14 of 100...
ℹ Reading part 15 of 100...
ℹ Reading part 16 of 100...
ℹ Reading part 17 of 100...
ℹ Reading part 18 of 100...
ℹ Reading part 19 of 100...
ℹ Reading part 20 of 100...
ℹ Reading part 21 of 100...
ℹ Reading part 22 of 100...
ℹ Reading part 23 of 100...
ℹ Reading part 24 of 100...
ℹ Reading part 25 of 100...
ℹ Reading part 26 of 100...
ℹ Reading part 27 of 100...
ℹ Reading part 28 of 100...
ℹ Reading part 29 of 100...
ℹ Reading part 30 of 100...
ℹ Reading part 31 of 100...
ℹ Reading part 32 of 100...
ℹ Reading part 33 of 100...
ℹ Reading part 34 of 100...
ℹ Reading part 35 of 100...
ℹ Reading part 36 of 100...
ℹ Reading part 37 of 100...
ℹ Reading part 38 of 100...
ℹ Reading part 39 of 100...
ℹ Reading part 40 of 100...
ℹ Reading part 41 of 100...
ℹ Reading part 42 of 100...
ℹ Reading part 43 of 100...
ℹ Reading part 44 of 100...
ℹ Reading part 45 of 100...
ℹ Reading part 46 of 100...
ℹ Reading part 47 of 100...
ℹ Reading part 48 of 100...
ℹ Reading part 49 of 100...
ℹ Reading part 50 of 100...
ℹ Reading part 51 of 100...
ℹ Reading part 52 of 100...
ℹ Reading part 53 of 100...
ℹ Reading part 54 of 100...
ℹ Reading part 55 of 100...
ℹ Reading part 56 of 100...
ℹ Reading part 57 of 100...
ℹ Reading part 58 of 100...
ℹ Reading part 59 of 100...
ℹ Reading part 60 of 100...
ℹ Reading part 61 of 100...
ℹ Reading part 62 of 100...
ℹ Reading part 63 of 100...
ℹ Reading part 64 of 100...
ℹ Reading part 65 of 100...
ℹ Reading part 66 of 100...
ℹ Reading part 67 of 100...
ℹ Reading part 68 of 100...
ℹ Reading part 69 of 100...
ℹ Reading part 70 of 100...
ℹ Reading part 71 of 100...
ℹ Reading part 72 of 100...
ℹ Reading part 73 of 100...
ℹ Reading part 74 of 100...
ℹ Reading part 75 of 100...
ℹ Reading part 76 of 100...
ℹ Reading part 77 of 100...
ℹ Reading part 78 of 100...
ℹ Reading part 79 of 100...
ℹ Reading part 80 of 100...
ℹ Reading part 81 of 100...
ℹ Reading part 82 of 100...
ℹ Reading part 83 of 100...
ℹ Reading part 84 of 100...
ℹ Reading part 85 of 100...
ℹ Reading part 86 of 100...
ℹ Reading part 87 of 100...
ℹ Reading part 88 of 100...
ℹ Reading part 89 of 100...
ℹ Reading part 90 of 100...
ℹ Reading part 91 of 100...
ℹ Reading part 92 of 100...
ℹ Reading part 93 of 100...
ℹ Reading part 94 of 100...
ℹ Reading part 95 of 100...
ℹ Reading part 96 of 100...
ℹ Reading part 97 of 100...
ℹ Reading part 98 of 100...
ℹ Reading part 99 of 100...
ℹ Reading part 100 of 100...
ℹ postBA_west.geno has 400 samples and 142250 SNPs
ℹ Calculating allele frequencies from 272 samples in 13 populations
! 123825 SNPs remain after filtering. 123047 are polymorphic.
ℹ Allele frequency matrix for 123825 SNPs and 13 populations is 22 MB
ℹ Computing pairwise f2 for all SNPs and population pairs requires 566 MB RAM without splitting
ℹ Computing without splitting since 566 < 8000 (maxmem)...
ℹ Data written to /Users/ell_thales/qpadm_project2/f2_aegean_test/
Warning message:
In discard_snps(snpdat, maxmiss = maxmiss, auto_only = auto_only,  :
  Keeping only chromosomes 1 to 22! Set `auto_only = FALSE` to keep all chromosomes!
ℹ Reading precomputed data for 13 populations...
ℹ Reading f2 data for 91 pairs...

######## SIGN CONVENTION (re-verified on THIS basis) ########
negative Z  =>  pop2 is closer to pop3
  CONTROL Minoan : TurkeyN vs steppe  [expect --] est -0.007903  SE 0.000238  Z -33.16  p 4.362e-241

######## A. Does each Aegean anchor beat Anatolia? ########
f4(Mbuti, MyDNA; <Aegean>, Turkey_EBA_WEST)   negative => MyDNA closer to the Aegean anchor
  MyDNA : MINOAN    vs Turkey_EBA_WEST           est -0.001328  SE 0.000284  Z  -4.68  p 2.887e-06
  MyDNA : MYCENAEAN vs Turkey_EBA_WEST           est -0.000976  SE 0.000308  Z  -3.17  p 0.001505

######## B. The old comparator, both anchors ########
  MyDNA : MINOAN    vs Turkey_N (ancestor)       est +0.000360  SE 0.000215  Z  +1.68  p 0.09315
  MyDNA : MYCENAEAN vs Turkey_N (ancestor)       est +0.000712  SE 0.000249  Z  +2.86  p 0.004258

######## C. Head-to-head: can we tell the Aegean anchors apart? ########
  MyDNA : MINOAN    vs MYCENAEAN                 est -0.000352  SE 0.000230  Z  -1.53  p 0.1257

######## D. Sanity: is Mycenaean itself closer to Minoan than to Anatolia? ########
(Mycenaean is 86.9% Minoan by this project's audit — must be strongly negative)
  MYCENAEAN : MINOAN vs Turkey_EBA_WEST          est -0.002244  SE 0.000211  Z -10.63  p 2.195e-26

######## E. qpWave separability, this basis ########
ℹ Computing f4 stats...
ℹ Computing number of admixture waves...
  Greece_Minoan_POOL       vs Turkey_EBA_WEST       chisq  73.50  p 1.91e-14
ℹ Computing f4 stats...
ℹ Computing number of admixture waves...
  Greece_Mycenaean_POOL    vs Turkey_EBA_WEST       chisq 128.53  p 4.879e-26
ℹ Computing f4 stats...
ℹ Computing number of admixture waves...
  Greece_Minoan_POOL       vs Greece_Mycenaean_POOL  chisq  20.10  p 0.001199
