==========================================================
 run_myc_power.R   2026-07-13 16:40:04 
==========================================================

PRE-REGISTERED:
  P1. At ~120k SNPs, Lasithi+Yamnaya does NOT reject (p > 0.05).      [~65%]
  P2. At full basis, EVERY two-source model rejects.                  [~60%]
  P3. If P2 holds, the rejection is a power regime, not a misfit, and
      Test 3 is recoverable with a declared basis.
  P4. If some model fits at full basis and Lasithi+Yamnaya does not,
      the descent relationship is WRONG. Test 3 loses its control and
      Paper B loses its headline. Report it.

##### PART A -- the power curve #####
Model fixed:  Myc_PELOPONNESE <- Crete_Lasithi_EMBA + Yamnaya_Samara
Only the SNP basis changes.

panel SNPs available: 1,233,013 

ℹ Computing f4 stats...
ℹ Computing admixture weights...
ℹ Computing standard errors...
ℹ Computing number of admixture waves...
  full basis               basis   970,005   p = 8.436e-07    [REJECTED]
      Crete_Lasithi_EMBA 79.3% (Z 30.04)  Yamnaya_Samara 20.7% (Z 7.85)
ℹ Computing f4 stats...
ℹ Computing admixture weights...
ℹ Computing standard errors...
ℹ Computing number of admixture waves...
  ~500k subsample          basis   452,112   p = 6.186e-07    [REJECTED]
      Crete_Lasithi_EMBA 86.8% (Z 27.22)  Yamnaya_Samara 13.2% (Z 4.15)
ℹ Computing f4 stats...
ℹ Computing admixture weights...
ℹ Computing standard errors...
ℹ Computing number of admixture waves...
  ~250k subsample          basis   225,939   p = 1.893e-09    [REJECTED]
      Crete_Lasithi_EMBA 86.0% (Z 23.00)  Yamnaya_Samara 14.0% (Z 3.74)
ℹ Computing f4 stats...
ℹ Computing admixture weights...
ℹ Computing standard errors...
ℹ Computing number of admixture waves...
  ~120k subsample (rep A)  basis   108,607   p = 0.001098     [REJECTED]
      Crete_Lasithi_EMBA 90.4% (Z 18.57)  Yamnaya_Samara 9.6% (Z 1.98)
ℹ Computing f4 stats...
ℹ Computing admixture weights...
ℹ Computing standard errors...
ℹ Computing number of admixture waves...
  ~120k subsample (rep B)  basis   108,442   p = 2.069e-05    [REJECTED]
      Crete_Lasithi_EMBA 88.4% (Z 18.76)  Yamnaya_Samara 11.6% (Z 2.47)
Warning messages:
1: In discard_snps(snpdat, maxmiss = maxmiss, auto_only = auto_only,  :
  Keeping only chromosomes 1 to 22! Set `auto_only = FALSE` to keep all chromosomes!
2: In read_f2(dir, pops, pops2, type = type, remove_na = remove_na,  :
  Discarding 2 block(s) due to missing values!
Discarded block(s): 712, 713

                     run  basis            p w_lasithi w_yamnaya admissible
              full basis 970005 8.436198e-07  79.28292 20.717077      FALSE
         ~500k subsample 452112 6.185723e-07  86.76383 13.236167      FALSE
         ~250k subsample 225939 1.892585e-09  86.02410 13.975899      FALSE
 ~120k subsample (rep A) 108607 1.097971e-03  90.37960  9.620404      FALSE
 ~120k subsample (rep B) 108442 2.069109e-05  88.37552 11.624478      FALSE

>> Paper B's original basis was 122,891 SNPs and reported p = 0.5113.
>> If the ~120k rows above sit near that, the original fit was a POWER
>> artifact -- and so was the 41.9x fold computed from it.

##### PART B -- does ANYTHING fit at full basis? #####

Warning message:
In discard_snps(snpdat, maxmiss = maxmiss, auto_only = auto_only,  :
  Keeping only chromosomes 1 to 22! Set `auto_only = FALSE` to keep all chromosomes!
ONE basis for the whole grid: 956,579 SNPs
Every row below is comparable to every other row.

ℹ Computing f4 stats...
ℹ Computing admixture weights...
ℹ Computing standard errors...
ℹ Computing number of admixture waves...
ℹ Computing f4 stats...
ℹ Computing admixture weights...
ℹ Computing standard errors...
ℹ Computing number of admixture waves...
ℹ Computing f4 stats...
ℹ Computing admixture weights...
ℹ Computing standard errors...
ℹ Computing number of admixture waves...
ℹ Computing f4 stats...
ℹ Computing admixture weights...
ℹ Computing standard errors...
ℹ Computing number of admixture waves...
ℹ Computing f4 stats...
ℹ Computing admixture weights...
ℹ Computing standard errors...
ℹ Computing number of admixture waves...
ℹ Computing f4 stats...
ℹ Computing admixture weights...
ℹ Computing standard errors...
ℹ Computing number of admixture waves...
ℹ Computing f4 stats...
ℹ Computing admixture weights...
ℹ Computing standard errors...
ℹ Computing number of admixture waves...
ℹ Computing f4 stats...
ℹ Computing admixture weights...
ℹ Computing standard errors...
ℹ Computing number of admixture waves...
ℹ Computing f4 stats...
ℹ Computing admixture weights...
ℹ Computing standard errors...
ℹ Computing number of admixture waves...
ℹ Computing f4 stats...
ℹ Computing admixture weights...
ℹ Computing standard errors...
ℹ Computing number of admixture waves...
ℹ Computing f4 stats...
ℹ Computing admixture weights...
ℹ Computing standard errors...
ℹ Computing number of admixture waves...
ℹ Computing f4 stats...
ℹ Computing admixture weights...
ℹ Computing standard errors...
ℹ Computing number of admixture waves...
ℹ Computing f4 stats...
ℹ Computing admixture weights...
ℹ Computing standard errors...
ℹ Computing number of admixture waves...
ℹ Computing f4 stats...
ℹ Computing admixture weights...
ℹ Computing standard errors...
ℹ Computing number of admixture waves...
ℹ Computing f4 stats...
ℹ Computing admixture weights...
ℹ Computing standard errors...
ℹ Computing number of admixture waves...
            source1          source2         p     w1      z1        w2      z2
 Crete_Lasithi_EMBA Crete_Chania_LBA 8.580e-01 -46.64 -2.2092  146.6381  6.9461
   Crete_Chania_LBA   Khvalynsk_Eneo 6.442e-01  93.28 38.1784    6.7204  2.7506
   Crete_Chania_LBA   Yamnaya_Samara 5.839e-01  91.57 29.7308    8.4309  2.7374
   Crete_Chania_LBA   Iran_GanjDareh 2.222e-01 103.96 51.8118   -3.9590 -1.9731
   Crete_Chania_LBA     Turkey_N_BIN 6.630e-02 126.80  3.7099  -26.7979 -0.7841
     Yamnaya_Samara   Khvalynsk_Eneo 3.828e-04 417.94 10.3871 -317.9434 -7.9018
     Yamnaya_Samara     Turkey_N_BIN 2.410e-05  11.62  3.7639   88.3823 28.6338
     Khvalynsk_Eneo     Turkey_N_BIN 8.269e-06   8.52  3.3842   91.4803 36.3373
 Crete_Lasithi_EMBA   Khvalynsk_Eneo 3.545e-06  83.49 38.2527   16.5121  7.5656
 Crete_Lasithi_EMBA   Yamnaya_Samara 2.730e-06  79.67 30.2568   20.3266  7.7192
 Crete_Lasithi_EMBA   Iran_GanjDareh 5.840e-07 115.35 46.0305  -15.3485 -6.1249
 Crete_Lasithi_EMBA     Turkey_N_BIN 2.573e-08 -19.48 -0.4845  119.4780  2.9722
       Turkey_N_BIN   Iran_GanjDareh 1.693e-08 100.63 49.3157   -0.6268 -0.3072
     Yamnaya_Samara   Iran_GanjDareh 1.238e-86  72.42 22.0214   27.5758  8.3847
     Khvalynsk_Eneo   Iran_GanjDareh 7.223e-95  60.95 21.1473   39.0487 13.5481
 admissible
      FALSE
       TRUE
       TRUE
      FALSE
      FALSE
      FALSE
      FALSE
      FALSE
      FALSE
      FALSE
      FALSE
      FALSE
      FALSE
      FALSE
      FALSE

>> 2 of 15 two-source models are ADMISSIBLE at 956,579 SNPs.

----------------------------------------------------------
VERDICT: MISFIT.
  Crete_Chania_LBA + Khvalynsk_Eneo FITS (p = 0.6442) where Lasithi+Yamnaya does not.
  The descent relationship Test 3 relies on is NOT the best account of
  Myc_PELOPONNESE. Test 3 has no validated positive control.
  PAPER B'S HEADLINE DOES NOT SURVIVE. Report it.
----------------------------------------------------------

Manifests written.
Done.
