
######## LEAVE-ONE-OUT (n=2 each) ########

===== dropped: I5733 =====
ℹ Reading allele frequencies from EIGENSTRAT files...
ℹ Reading part 1 of 100...
ℹ Reading part 2 of 100...
ℹ Reading part 3 of 100...
ℹ Reading part 4 of 100...
ℹ Reading part 5 of 100...
ℹ Reading part 6 of 100...
ℹ Reading part 7 of 100...
ℹ Reading part 8 of 100...
ℹ Reading part 9 of 100...
ℹ Reading part 10 of 100...
ℹ Reading part 11 of 100...
ℹ Reading part 12 of 100...
ℹ Reading part 13 of 100...
ℹ Reading part 14 of 100...
ℹ Reading part 15 of 100...
ℹ Reading part 16 of 100...
ℹ Reading part 17 of 100...
ℹ Reading part 18 of 100...
ℹ Reading part 19 of 100...
ℹ Reading part 20 of 100...
ℹ Reading part 21 of 100...
ℹ Reading part 22 of 100...
ℹ Reading part 23 of 100...
ℹ Reading part 24 of 100...
ℹ Reading part 25 of 100...
ℹ Reading part 26 of 100...
ℹ Reading part 27 of 100...
ℹ Reading part 28 of 100...
ℹ Reading part 29 of 100...
ℹ Reading part 30 of 100...
ℹ Reading part 31 of 100...
ℹ Reading part 32 of 100...
ℹ Reading part 33 of 100...
ℹ Reading part 34 of 100...
ℹ Reading part 35 of 100...
ℹ Reading part 36 of 100...
ℹ Reading part 37 of 100...
ℹ Reading part 38 of 100...
ℹ Reading part 39 of 100...
ℹ Reading part 40 of 100...
ℹ Reading part 41 of 100...
ℹ Reading part 42 of 100...
ℹ Reading part 43 of 100...
ℹ Reading part 44 of 100...
ℹ Reading part 45 of 100...
ℹ Reading part 46 of 100...
ℹ Reading part 47 of 100...
ℹ Reading part 48 of 100...
ℹ Reading part 49 of 100...
ℹ Reading part 50 of 100...
ℹ Reading part 51 of 100...
ℹ Reading part 52 of 100...
ℹ Reading part 53 of 100...
ℹ Reading part 54 of 100...
ℹ Reading part 55 of 100...
ℹ Reading part 56 of 100...
ℹ Reading part 57 of 100...
ℹ Reading part 58 of 100...
ℹ Reading part 59 of 100...
ℹ Reading part 60 of 100...
ℹ Reading part 61 of 100...
ℹ Reading part 62 of 100...
ℹ Reading part 63 of 100...
ℹ Reading part 64 of 100...
ℹ Reading part 65 of 100...
ℹ Reading part 66 of 100...
ℹ Reading part 67 of 100...
ℹ Reading part 68 of 100...
ℹ Reading part 69 of 100...
ℹ Reading part 70 of 100...
ℹ Reading part 71 of 100...
ℹ Reading part 72 of 100...
ℹ Reading part 73 of 100...
ℹ Reading part 74 of 100...
ℹ Reading part 75 of 100...
ℹ Reading part 76 of 100...
ℹ Reading part 77 of 100...
ℹ Reading part 78 of 100...
ℹ Reading part 79 of 100...
ℹ Reading part 80 of 100...
ℹ Reading part 81 of 100...
ℹ Reading part 82 of 100...
ℹ Reading part 83 of 100...
ℹ Reading part 84 of 100...
ℹ Reading part 85 of 100...
ℹ Reading part 86 of 100...
ℹ Reading part 87 of 100...
ℹ Reading part 88 of 100...
ℹ Reading part 89 of 100...
ℹ Reading part 90 of 100...
ℹ Reading part 91 of 100...
ℹ Reading part 92 of 100...
ℹ Reading part 93 of 100...
ℹ Reading part 94 of 100...
ℹ Reading part 95 of 100...
ℹ Reading part 96 of 100...
ℹ Reading part 97 of 100...
ℹ Reading part 98 of 100...
ℹ Reading part 99 of 100...
ℹ Reading part 100 of 100...
ℹ loo_I5733.geno has 221 samples and 1233013 SNPs
ℹ Calculating allele frequencies from 131 samples in 9 populations
! 571419 SNPs remain after filtering. 524089 are polymorphic.
ℹ Allele frequency matrix for 571419 SNPs and 9 populations is 82 MB
ℹ Computing pairwise f2 for all SNPs and population pairs requires 1481 MB RAM without splitting
ℹ Computing without splitting since 1481 < 8000 (maxmem)...
ℹ Data written to /Users/ell_thales/qpadm_project2/f2_aegloo_I5733/
ℹ Reading precomputed data for 9 populations...
ℹ Reading f2 data for 45 pairs...
ℹ Computing f4 stats...
ℹ Computing admixture weights...
ℹ Computing standard errors...
ℹ Computing number of admixture waves...
# A tibble: 2 × 5
  target  left                weight     se     z
  <chr>   <chr>                <dbl>  <dbl> <dbl>
1 AEG_LOO Turkey_N_QC          0.726 0.0334 21.7 
2 AEG_LOO Iran_GanjDareh_N_QC  0.274 0.0334  8.20
# A tibble: 1 × 7
  f4rank   dof chisq     p dofdiff chisqdiff  p_nested
   <int> <int> <dbl> <dbl>   <int>     <dbl>     <dbl>
1      1     4  3.35 0.501       6      914. 3.98e-194

===== dropped: I5735 =====
ℹ Reading allele frequencies from EIGENSTRAT files...
ℹ Reading part 1 of 100...
ℹ Reading part 2 of 100...
ℹ Reading part 3 of 100...
ℹ Reading part 4 of 100...
ℹ Reading part 5 of 100...
ℹ Reading part 6 of 100...
ℹ Reading part 7 of 100...
ℹ Reading part 8 of 100...
ℹ Reading part 9 of 100...
ℹ Reading part 10 of 100...
ℹ Reading part 11 of 100...
ℹ Reading part 12 of 100...
ℹ Reading part 13 of 100...
ℹ Reading part 14 of 100...
ℹ Reading part 15 of 100...
ℹ Reading part 16 of 100...
ℹ Reading part 17 of 100...
ℹ Reading part 18 of 100...
ℹ Reading part 19 of 100...
ℹ Reading part 20 of 100...
ℹ Reading part 21 of 100...
ℹ Reading part 22 of 100...
ℹ Reading part 23 of 100...
ℹ Reading part 24 of 100...
ℹ Reading part 25 of 100...
ℹ Reading part 26 of 100...
ℹ Reading part 27 of 100...
ℹ Reading part 28 of 100...
ℹ Reading part 29 of 100...
ℹ Reading part 30 of 100...
ℹ Reading part 31 of 100...
ℹ Reading part 32 of 100...
ℹ Reading part 33 of 100...
ℹ Reading part 34 of 100...
ℹ Reading part 35 of 100...
ℹ Reading part 36 of 100...
ℹ Reading part 37 of 100...
ℹ Reading part 38 of 100...
ℹ Reading part 39 of 100...
ℹ Reading part 40 of 100...
ℹ Reading part 41 of 100...
ℹ Reading part 42 of 100...
ℹ Reading part 43 of 100...
ℹ Reading part 44 of 100...
ℹ Reading part 45 of 100...
ℹ Reading part 46 of 100...
ℹ Reading part 47 of 100...
ℹ Reading part 48 of 100...
ℹ Reading part 49 of 100...
ℹ Reading part 50 of 100...
ℹ Reading part 51 of 100...
ℹ Reading part 52 of 100...
ℹ Reading part 53 of 100...
ℹ Reading part 54 of 100...
ℹ Reading part 55 of 100...
ℹ Reading part 56 of 100...
ℹ Reading part 57 of 100...
ℹ Reading part 58 of 100...
ℹ Reading part 59 of 100...
ℹ Reading part 60 of 100...
ℹ Reading part 61 of 100...
ℹ Reading part 62 of 100...
ℹ Reading part 63 of 100...
ℹ Reading part 64 of 100...
ℹ Reading part 65 of 100...
ℹ Reading part 66 of 100...
ℹ Reading part 67 of 100...
ℹ Reading part 68 of 100...
ℹ Reading part 69 of 100...
ℹ Reading part 70 of 100...
ℹ Reading part 71 of 100...
ℹ Reading part 72 of 100...
ℹ Reading part 73 of 100...
ℹ Reading part 74 of 100...
ℹ Reading part 75 of 100...
ℹ Reading part 76 of 100...
ℹ Reading part 77 of 100...
ℹ Reading part 78 of 100...
ℹ Reading part 79 of 100...
ℹ Reading part 80 of 100...
ℹ Reading part 81 of 100...
ℹ Reading part 82 of 100...
ℹ Reading part 83 of 100...
ℹ Reading part 84 of 100...
ℹ Reading part 85 of 100...
ℹ Reading part 86 of 100...
ℹ Reading part 87 of 100...
ℹ Reading part 88 of 100...
ℹ Reading part 89 of 100...
ℹ Reading part 90 of 100...
ℹ Reading part 91 of 100...
ℹ Reading part 92 of 100...
ℹ Reading part 93 of 100...
ℹ Reading part 94 of 100...
ℹ Reading part 95 of 100...
ℹ Reading part 96 of 100...
ℹ Reading part 97 of 100...
ℹ Reading part 98 of 100...
ℹ Reading part 99 of 100...
ℹ Reading part 100 of 100...
ℹ loo_I5735.geno has 221 samples and 1233013 SNPs
ℹ Calculating allele frequencies from 131 samples in 9 populations
! 696349 SNPs remain after filtering. 638680 are polymorphic.
ℹ Allele frequency matrix for 696349 SNPs and 9 populations is 100 MB
ℹ Computing pairwise f2 for all SNPs and population pairs requires 1805 MB RAM without splitting
ℹ Computing without splitting since 1805 < 8000 (maxmem)...
ℹ Data written to /Users/ell_thales/qpadm_project2/f2_aegloo_I5735/
ℹ Reading precomputed data for 9 populations...
ℹ Reading f2 data for 45 pairs...
ℹ Computing f4 stats...
ℹ Computing admixture weights...
ℹ Computing standard errors...
ℹ Computing number of admixture waves...
# A tibble: 2 × 5
  target  left                weight     se     z
  <chr>   <chr>                <dbl>  <dbl> <dbl>
1 AEG_LOO Turkey_N_QC          0.806 0.0356 22.6 
2 AEG_LOO Iran_GanjDareh_N_QC  0.194 0.0356  5.45
# A tibble: 1 × 7
  f4rank   dof chisq     p dofdiff chisqdiff  p_nested
   <int> <int> <dbl> <dbl>   <int>     <dbl>     <dbl>
1      1     4  3.50 0.478       6      887. 2.54e-188

===== dropped: ulu117 =====
ℹ Reading allele frequencies from EIGENSTRAT files...
ℹ Reading part 1 of 100...
ℹ Reading part 2 of 100...
ℹ Reading part 3 of 100...
ℹ Reading part 4 of 100...
ℹ Reading part 5 of 100...
ℹ Reading part 6 of 100...
ℹ Reading part 7 of 100...
ℹ Reading part 8 of 100...
ℹ Reading part 9 of 100...
ℹ Reading part 10 of 100...
ℹ Reading part 11 of 100...
ℹ Reading part 12 of 100...
ℹ Reading part 13 of 100...
ℹ Reading part 14 of 100...
ℹ Reading part 15 of 100...
ℹ Reading part 16 of 100...
ℹ Reading part 17 of 100...
ℹ Reading part 18 of 100...
ℹ Reading part 19 of 100...
ℹ Reading part 20 of 100...
ℹ Reading part 21 of 100...
ℹ Reading part 22 of 100...
ℹ Reading part 23 of 100...
ℹ Reading part 24 of 100...
ℹ Reading part 25 of 100...
ℹ Reading part 26 of 100...
ℹ Reading part 27 of 100...
ℹ Reading part 28 of 100...
ℹ Reading part 29 of 100...
ℹ Reading part 30 of 100...
ℹ Reading part 31 of 100...
ℹ Reading part 32 of 100...
ℹ Reading part 33 of 100...
ℹ Reading part 34 of 100...
ℹ Reading part 35 of 100...
ℹ Reading part 36 of 100...
ℹ Reading part 37 of 100...
ℹ Reading part 38 of 100...
ℹ Reading part 39 of 100...
ℹ Reading part 40 of 100...
ℹ Reading part 41 of 100...
ℹ Reading part 42 of 100...
ℹ Reading part 43 of 100...
ℹ Reading part 44 of 100...
ℹ Reading part 45 of 100...
ℹ Reading part 46 of 100...
ℹ Reading part 47 of 100...
ℹ Reading part 48 of 100...
ℹ Reading part 49 of 100...
ℹ Reading part 50 of 100...
ℹ Reading part 51 of 100...
ℹ Reading part 52 of 100...
ℹ Reading part 53 of 100...
ℹ Reading part 54 of 100...
ℹ Reading part 55 of 100...
ℹ Reading part 56 of 100...
ℹ Reading part 57 of 100...
ℹ Reading part 58 of 100...
ℹ Reading part 59 of 100...
ℹ Reading part 60 of 100...
ℹ Reading part 61 of 100...
ℹ Reading part 62 of 100...
ℹ Reading part 63 of 100...
ℹ Reading part 64 of 100...
ℹ Reading part 65 of 100...
ℹ Reading part 66 of 100...
ℹ Reading part 67 of 100...
ℹ Reading part 68 of 100...
ℹ Reading part 69 of 100...
ℹ Reading part 70 of 100...
ℹ Reading part 71 of 100...
ℹ Reading part 72 of 100...
ℹ Reading part 73 of 100...
ℹ Reading part 74 of 100...
ℹ Reading part 75 of 100...
ℹ Reading part 76 of 100...
ℹ Reading part 77 of 100...
ℹ Reading part 78 of 100...
ℹ Reading part 79 of 100...
ℹ Reading part 80 of 100...
ℹ Reading part 81 of 100...
ℹ Reading part 82 of 100...
ℹ Reading part 83 of 100...
ℹ Reading part 84 of 100...
ℹ Reading part 85 of 100...
ℹ Reading part 86 of 100...
ℹ Reading part 87 of 100...
ℹ Reading part 88 of 100...
ℹ Reading part 89 of 100...
ℹ Reading part 90 of 100...
ℹ Reading part 91 of 100...
ℹ Reading part 92 of 100...
ℹ Reading part 93 of 100...
ℹ Reading part 94 of 100...
ℹ Reading part 95 of 100...
ℹ Reading part 96 of 100...
ℹ Reading part 97 of 100...
ℹ Reading part 98 of 100...
ℹ Reading part 99 of 100...
ℹ Reading part 100 of 100...
ℹ loo_ulu117.geno has 221 samples and 1233013 SNPs
ℹ Calculating allele frequencies from 131 samples in 9 populations
! 611041 SNPs remain after filtering. 561372 are polymorphic.
ℹ Allele frequency matrix for 611041 SNPs and 9 populations is 88 MB
ℹ Computing pairwise f2 for all SNPs and population pairs requires 1584 MB RAM without splitting
ℹ Computing without splitting since 1584 < 8000 (maxmem)...
ℹ Data written to /Users/ell_thales/qpadm_project2/f2_aegloo_ulu117/
ℹ Reading precomputed data for 9 populations...
ℹ Reading f2 data for 45 pairs...
ℹ Computing f4 stats...
ℹ Computing admixture weights...
ℹ Computing standard errors...
ℹ Computing number of admixture waves...
# A tibble: 2 × 5
  target  left                weight     se     z
  <chr>   <chr>                <dbl>  <dbl> <dbl>
1 AEG_LOO Turkey_N_QC          0.790 0.0362 21.8 
2 AEG_LOO Iran_GanjDareh_N_QC  0.210 0.0362  5.81
# A tibble: 1 × 7
  f4rank   dof chisq     p dofdiff chisqdiff  p_nested
   <int> <int> <dbl> <dbl>   <int>     <dbl>     <dbl>
1      1     4  6.51 0.164       6      897. 1.55e-190
Warning messages:
1: In discard_snps(snpdat, maxmiss = maxmiss, auto_only = auto_only,  :
  Keeping only chromosomes 1 to 22! Set `auto_only = FALSE` to keep all chromosomes!
2: In discard_snps(snpdat, maxmiss = maxmiss, auto_only = auto_only,  :
  Keeping only chromosomes 1 to 22! Set `auto_only = FALSE` to keep all chromosomes!
3: In discard_snps(snpdat, maxmiss = maxmiss, auto_only = auto_only,  :
  Keeping only chromosomes 1 to 22! Set `auto_only = FALSE` to keep all chromosomes!

######## SINGLES (n=1 each) ########

===== solo: I5733 =====
ℹ Reading allele frequencies from EIGENSTRAT files...
ℹ Reading part 1 of 100...
ℹ Reading part 2 of 100...
ℹ Reading part 3 of 100...
ℹ Reading part 4 of 100...
ℹ Reading part 5 of 100...
ℹ Reading part 6 of 100...
ℹ Reading part 7 of 100...
ℹ Reading part 8 of 100...
ℹ Reading part 9 of 100...
ℹ Reading part 10 of 100...
ℹ Reading part 11 of 100...
ℹ Reading part 12 of 100...
ℹ Reading part 13 of 100...
ℹ Reading part 14 of 100...
ℹ Reading part 15 of 100...
ℹ Reading part 16 of 100...
ℹ Reading part 17 of 100...
ℹ Reading part 18 of 100...
ℹ Reading part 19 of 100...
ℹ Reading part 20 of 100...
ℹ Reading part 21 of 100...
ℹ Reading part 22 of 100...
ℹ Reading part 23 of 100...
ℹ Reading part 24 of 100...
ℹ Reading part 25 of 100...
ℹ Reading part 26 of 100...
ℹ Reading part 27 of 100...
ℹ Reading part 28 of 100...
ℹ Reading part 29 of 100...
ℹ Reading part 30 of 100...
ℹ Reading part 31 of 100...
ℹ Reading part 32 of 100...
ℹ Reading part 33 of 100...
ℹ Reading part 34 of 100...
ℹ Reading part 35 of 100...
ℹ Reading part 36 of 100...
ℹ Reading part 37 of 100...
ℹ Reading part 38 of 100...
ℹ Reading part 39 of 100...
ℹ Reading part 40 of 100...
ℹ Reading part 41 of 100...
ℹ Reading part 42 of 100...
ℹ Reading part 43 of 100...
ℹ Reading part 44 of 100...
ℹ Reading part 45 of 100...
ℹ Reading part 46 of 100...
ℹ Reading part 47 of 100...
ℹ Reading part 48 of 100...
ℹ Reading part 49 of 100...
ℹ Reading part 50 of 100...
ℹ Reading part 51 of 100...
ℹ Reading part 52 of 100...
ℹ Reading part 53 of 100...
ℹ Reading part 54 of 100...
ℹ Reading part 55 of 100...
ℹ Reading part 56 of 100...
ℹ Reading part 57 of 100...
ℹ Reading part 58 of 100...
ℹ Reading part 59 of 100...
ℹ Reading part 60 of 100...
ℹ Reading part 61 of 100...
ℹ Reading part 62 of 100...
ℹ Reading part 63 of 100...
ℹ Reading part 64 of 100...
ℹ Reading part 65 of 100...
ℹ Reading part 66 of 100...
ℹ Reading part 67 of 100...
ℹ Reading part 68 of 100...
ℹ Reading part 69 of 100...
ℹ Reading part 70 of 100...
ℹ Reading part 71 of 100...
ℹ Reading part 72 of 100...
ℹ Reading part 73 of 100...
ℹ Reading part 74 of 100...
ℹ Reading part 75 of 100...
ℹ Reading part 76 of 100...
ℹ Reading part 77 of 100...
ℹ Reading part 78 of 100...
ℹ Reading part 79 of 100...
ℹ Reading part 80 of 100...
ℹ Reading part 81 of 100...
ℹ Reading part 82 of 100...
ℹ Reading part 83 of 100...
ℹ Reading part 84 of 100...
ℹ Reading part 85 of 100...
ℹ Reading part 86 of 100...
ℹ Reading part 87 of 100...
ℹ Reading part 88 of 100...
ℹ Reading part 89 of 100...
ℹ Reading part 90 of 100...
ℹ Reading part 91 of 100...
ℹ Reading part 92 of 100...
ℹ Reading part 93 of 100...
ℹ Reading part 94 of 100...
ℹ Reading part 95 of 100...
ℹ Reading part 96 of 100...
ℹ Reading part 97 of 100...
ℹ Reading part 98 of 100...
ℹ Reading part 99 of 100...
ℹ Reading part 100 of 100...
ℹ solo_I5733.geno has 221 samples and 1233013 SNPs
ℹ Calculating allele frequencies from 130 samples in 9 populations
! 564922 SNPs remain after filtering. 519296 are polymorphic.
ℹ Allele frequency matrix for 564922 SNPs and 9 populations is 81 MB
ℹ Computing pairwise f2 for all SNPs and population pairs requires 1464 MB RAM without splitting
ℹ Computing without splitting since 1464 < 8000 (maxmem)...
ℹ Data written to /Users/ell_thales/qpadm_project2/f2_aegsolo_I5733/
ℹ Reading precomputed data for 9 populations...
ℹ Reading f2 data for 45 pairs...
ℹ Computing f4 stats...
ℹ Computing admixture weights...
ℹ Computing standard errors...
ℹ Computing number of admixture waves...
# A tibble: 2 × 5
  target   left                weight     se     z
  <chr>    <chr>                <dbl>  <dbl> <dbl>
1 AEG_SOLO Turkey_N_QC          0.832 0.0470 17.7 
2 AEG_SOLO Iran_GanjDareh_N_QC  0.168 0.0470  3.57
# A tibble: 1 × 7
  f4rank   dof chisq      p dofdiff chisqdiff  p_nested
   <int> <int> <dbl>  <dbl>   <int>     <dbl>     <dbl>
1      1     4  9.71 0.0456       6      859. 2.64e-182

===== solo: I5735 =====
ℹ Reading allele frequencies from EIGENSTRAT files...
ℹ Reading part 1 of 100...
ℹ Reading part 2 of 100...
ℹ Reading part 3 of 100...
ℹ Reading part 4 of 100...
ℹ Reading part 5 of 100...
ℹ Reading part 6 of 100...
ℹ Reading part 7 of 100...
ℹ Reading part 8 of 100...
ℹ Reading part 9 of 100...
ℹ Reading part 10 of 100...
ℹ Reading part 11 of 100...
ℹ Reading part 12 of 100...
ℹ Reading part 13 of 100...
ℹ Reading part 14 of 100...
ℹ Reading part 15 of 100...
ℹ Reading part 16 of 100...
ℹ Reading part 17 of 100...
ℹ Reading part 18 of 100...
ℹ Reading part 19 of 100...
ℹ Reading part 20 of 100...
ℹ Reading part 21 of 100...
ℹ Reading part 22 of 100...
ℹ Reading part 23 of 100...
ℹ Reading part 24 of 100...
ℹ Reading part 25 of 100...
ℹ Reading part 26 of 100...
ℹ Reading part 27 of 100...
ℹ Reading part 28 of 100...
ℹ Reading part 29 of 100...
ℹ Reading part 30 of 100...
ℹ Reading part 31 of 100...
ℹ Reading part 32 of 100...
ℹ Reading part 33 of 100...
ℹ Reading part 34 of 100...
ℹ Reading part 35 of 100...
ℹ Reading part 36 of 100...
ℹ Reading part 37 of 100...
ℹ Reading part 38 of 100...
ℹ Reading part 39 of 100...
ℹ Reading part 40 of 100...
ℹ Reading part 41 of 100...
ℹ Reading part 42 of 100...
ℹ Reading part 43 of 100...
ℹ Reading part 44 of 100...
ℹ Reading part 45 of 100...
ℹ Reading part 46 of 100...
ℹ Reading part 47 of 100...
ℹ Reading part 48 of 100...
ℹ Reading part 49 of 100...
ℹ Reading part 50 of 100...
ℹ Reading part 51 of 100...
ℹ Reading part 52 of 100...
ℹ Reading part 53 of 100...
ℹ Reading part 54 of 100...
ℹ Reading part 55 of 100...
ℹ Reading part 56 of 100...
ℹ Reading part 57 of 100...
ℹ Reading part 58 of 100...
ℹ Reading part 59 of 100...
ℹ Reading part 60 of 100...
ℹ Reading part 61 of 100...
ℹ Reading part 62 of 100...
ℹ Reading part 63 of 100...
ℹ Reading part 64 of 100...
ℹ Reading part 65 of 100...
ℹ Reading part 66 of 100...
ℹ Reading part 67 of 100...
ℹ Reading part 68 of 100...
ℹ Reading part 69 of 100...
ℹ Reading part 70 of 100...
ℹ Reading part 71 of 100...
ℹ Reading part 72 of 100...
ℹ Reading part 73 of 100...
ℹ Reading part 74 of 100...
ℹ Reading part 75 of 100...
ℹ Reading part 76 of 100...
ℹ Reading part 77 of 100...
ℹ Reading part 78 of 100...
ℹ Reading part 79 of 100...
ℹ Reading part 80 of 100...
ℹ Reading part 81 of 100...
ℹ Reading part 82 of 100...
ℹ Reading part 83 of 100...
ℹ Reading part 84 of 100...
ℹ Reading part 85 of 100...
ℹ Reading part 86 of 100...
ℹ Reading part 87 of 100...
ℹ Reading part 88 of 100...
ℹ Reading part 89 of 100...
ℹ Reading part 90 of 100...
ℹ Reading part 91 of 100...
ℹ Reading part 92 of 100...
ℹ Reading part 93 of 100...
ℹ Reading part 94 of 100...
ℹ Reading part 95 of 100...
ℹ Reading part 96 of 100...
ℹ Reading part 97 of 100...
ℹ Reading part 98 of 100...
ℹ Reading part 99 of 100...
ℹ Reading part 100 of 100...
ℹ solo_I5735.geno has 221 samples and 1233013 SNPs
ℹ Calculating allele frequencies from 130 samples in 9 populations
! 386166 SNPs remain after filtering. 355549 are polymorphic.
ℹ Allele frequency matrix for 386166 SNPs and 9 populations is 56 MB
ℹ Computing pairwise f2 for all SNPs and population pairs requires 1001 MB RAM without splitting
ℹ Computing without splitting since 1001 < 8000 (maxmem)...
ℹ Data written to /Users/ell_thales/qpadm_project2/f2_aegsolo_I5735/
ℹ Reading precomputed data for 9 populations...
ℹ Reading f2 data for 45 pairs...
ℹ Computing f4 stats...
ℹ Computing admixture weights...
ℹ Computing standard errors...
ℹ Computing number of admixture waves...
# A tibble: 2 × 5
  target   left                weight     se     z
  <chr>    <chr>                <dbl>  <dbl> <dbl>
1 AEG_SOLO Turkey_N_QC          0.719 0.0465 15.5 
2 AEG_SOLO Iran_GanjDareh_N_QC  0.281 0.0465  6.04
# A tibble: 1 × 7
  f4rank   dof chisq     p dofdiff chisqdiff  p_nested
   <int> <int> <dbl> <dbl>   <int>     <dbl>     <dbl>
1      1     4  5.31 0.257       6      845. 3.43e-179

===== solo: ulu117 =====
ℹ Reading allele frequencies from EIGENSTRAT files...
ℹ Reading part 1 of 100...
ℹ Reading part 2 of 100...
ℹ Reading part 3 of 100...
ℹ Reading part 4 of 100...
ℹ Reading part 5 of 100...
ℹ Reading part 6 of 100...
ℹ Reading part 7 of 100...
ℹ Reading part 8 of 100...
ℹ Reading part 9 of 100...
ℹ Reading part 10 of 100...
ℹ Reading part 11 of 100...
ℹ Reading part 12 of 100...
ℹ Reading part 13 of 100...
ℹ Reading part 14 of 100...
ℹ Reading part 15 of 100...
ℹ Reading part 16 of 100...
ℹ Reading part 17 of 100...
ℹ Reading part 18 of 100...
ℹ Reading part 19 of 100...
ℹ Reading part 20 of 100...
ℹ Reading part 21 of 100...
ℹ Reading part 22 of 100...
ℹ Reading part 23 of 100...
ℹ Reading part 24 of 100...
ℹ Reading part 25 of 100...
ℹ Reading part 26 of 100...
ℹ Reading part 27 of 100...
ℹ Reading part 28 of 100...
ℹ Reading part 29 of 100...
ℹ Reading part 30 of 100...
ℹ Reading part 31 of 100...
ℹ Reading part 32 of 100...
ℹ Reading part 33 of 100...
ℹ Reading part 34 of 100...
ℹ Reading part 35 of 100...
ℹ Reading part 36 of 100...
ℹ Reading part 37 of 100...
ℹ Reading part 38 of 100...
ℹ Reading part 39 of 100...
ℹ Reading part 40 of 100...
ℹ Reading part 41 of 100...
ℹ Reading part 42 of 100...
ℹ Reading part 43 of 100...
ℹ Reading part 44 of 100...
ℹ Reading part 45 of 100...
ℹ Reading part 46 of 100...
ℹ Reading part 47 of 100...
ℹ Reading part 48 of 100...
ℹ Reading part 49 of 100...
ℹ Reading part 50 of 100...
ℹ Reading part 51 of 100...
ℹ Reading part 52 of 100...
ℹ Reading part 53 of 100...
ℹ Reading part 54 of 100...
ℹ Reading part 55 of 100...
ℹ Reading part 56 of 100...
ℹ Reading part 57 of 100...
ℹ Reading part 58 of 100...
ℹ Reading part 59 of 100...
ℹ Reading part 60 of 100...
ℹ Reading part 61 of 100...
ℹ Reading part 62 of 100...
ℹ Reading part 63 of 100...
ℹ Reading part 64 of 100...
ℹ Reading part 65 of 100...
ℹ Reading part 66 of 100...
ℹ Reading part 67 of 100...
ℹ Reading part 68 of 100...
ℹ Reading part 69 of 100...
ℹ Reading part 70 of 100...
ℹ Reading part 71 of 100...
ℹ Reading part 72 of 100...
ℹ Reading part 73 of 100...
ℹ Reading part 74 of 100...
ℹ Reading part 75 of 100...
ℹ Reading part 76 of 100...
ℹ Reading part 77 of 100...
ℹ Reading part 78 of 100...
ℹ Reading part 79 of 100...
ℹ Reading part 80 of 100...
ℹ Reading part 81 of 100...
ℹ Reading part 82 of 100...
ℹ Reading part 83 of 100...
ℹ Reading part 84 of 100...
ℹ Reading part 85 of 100...
ℹ Reading part 86 of 100...
ℹ Reading part 87 of 100...
ℹ Reading part 88 of 100...
ℹ Reading part 89 of 100...
ℹ Reading part 90 of 100...
ℹ Reading part 91 of 100...
ℹ Reading part 92 of 100...
ℹ Reading part 93 of 100...
ℹ Reading part 94 of 100...
ℹ Reading part 95 of 100...
ℹ Reading part 96 of 100...
ℹ Reading part 97 of 100...
ℹ Reading part 98 of 100...
ℹ Reading part 99 of 100...
ℹ Reading part 100 of 100...
ℹ solo_ulu117.geno has 221 samples and 1233013 SNPs
ℹ Calculating allele frequencies from 130 samples in 9 populations
! 307851 SNPs remain after filtering. 281089 are polymorphic.
ℹ Allele frequency matrix for 307851 SNPs and 9 populations is 44 MB
ℹ Computing pairwise f2 for all SNPs and population pairs requires 798 MB RAM without splitting
ℹ Computing without splitting since 798 < 8000 (maxmem)...
ℹ Data written to /Users/ell_thales/qpadm_project2/f2_aegsolo_ulu117/
ℹ Reading precomputed data for 9 populations...
ℹ Reading f2 data for 45 pairs...
ℹ Computing f4 stats...
ℹ Computing admixture weights...
ℹ Computing standard errors...
ℹ Computing number of admixture waves...
# A tibble: 2 × 5
  target   left                weight     se     z
  <chr>    <chr>                <dbl>  <dbl> <dbl>
1 AEG_SOLO Turkey_N_QC          0.764 0.0491 15.6 
2 AEG_SOLO Iran_GanjDareh_N_QC  0.236 0.0491  4.81
# A tibble: 1 × 7
  f4rank   dof chisq     p dofdiff chisqdiff  p_nested
   <int> <int> <dbl> <dbl>   <int>     <dbl>     <dbl>
1      1     4  4.27 0.371       6      781. 2.06e-165
Warning messages:
1: In discard_snps(snpdat, maxmiss = maxmiss, auto_only = auto_only,  :
  Keeping only chromosomes 1 to 22! Set `auto_only = FALSE` to keep all chromosomes!
2: In discard_snps(snpdat, maxmiss = maxmiss, auto_only = auto_only,  :
  Keeping only chromosomes 1 to 22! Set `auto_only = FALSE` to keep all chromosomes!
3: In discard_snps(snpdat, maxmiss = maxmiss, auto_only = auto_only,  :
  Keeping only chromosomes 1 to 22! Set `auto_only = FALSE` to keep all chromosomes!

   FULL TRIO REFERENCE: Turkey_N 77.8 / Iran 22.2, p = 0.846
