ℹ Reading allele frequencies from EIGENSTRAT files...
ℹ Reading part 1 of 100...
ℹ Reading part 2 of 100...
ℹ Reading part 3 of 100...
ℹ Reading part 4 of 100...
ℹ Reading part 5 of 100...
ℹ Reading part 6 of 100...
ℹ Reading part 7 of 100...
ℹ Reading part 8 of 100...
ℹ Reading part 9 of 100...
ℹ Reading part 10 of 100...
ℹ Reading part 11 of 100...
ℹ Reading part 12 of 100...
ℹ Reading part 13 of 100...
ℹ Reading part 14 of 100...
ℹ Reading part 15 of 100...
ℹ Reading part 16 of 100...
ℹ Reading part 17 of 100...
ℹ Reading part 18 of 100...
ℹ Reading part 19 of 100...
ℹ Reading part 20 of 100...
ℹ Reading part 21 of 100...
ℹ Reading part 22 of 100...
ℹ Reading part 23 of 100...
ℹ Reading part 24 of 100...
ℹ Reading part 25 of 100...
ℹ Reading part 26 of 100...
ℹ Reading part 27 of 100...
ℹ Reading part 28 of 100...
ℹ Reading part 29 of 100...
ℹ Reading part 30 of 100...
ℹ Reading part 31 of 100...
ℹ Reading part 32 of 100...
ℹ Reading part 33 of 100...
ℹ Reading part 34 of 100...
ℹ Reading part 35 of 100...
ℹ Reading part 36 of 100...
ℹ Reading part 37 of 100...
ℹ Reading part 38 of 100...
ℹ Reading part 39 of 100...
ℹ Reading part 40 of 100...
ℹ Reading part 41 of 100...
ℹ Reading part 42 of 100...
ℹ Reading part 43 of 100...
ℹ Reading part 44 of 100...
ℹ Reading part 45 of 100...
ℹ Reading part 46 of 100...
ℹ Reading part 47 of 100...
ℹ Reading part 48 of 100...
ℹ Reading part 49 of 100...
ℹ Reading part 50 of 100...
ℹ Reading part 51 of 100...
ℹ Reading part 52 of 100...
ℹ Reading part 53 of 100...
ℹ Reading part 54 of 100...
ℹ Reading part 55 of 100...
ℹ Reading part 56 of 100...
ℹ Reading part 57 of 100...
ℹ Reading part 58 of 100...
ℹ Reading part 59 of 100...
ℹ Reading part 60 of 100...
ℹ Reading part 61 of 100...
ℹ Reading part 62 of 100...
ℹ Reading part 63 of 100...
ℹ Reading part 64 of 100...
ℹ Reading part 65 of 100...
ℹ Reading part 66 of 100...
ℹ Reading part 67 of 100...
ℹ Reading part 68 of 100...
ℹ Reading part 69 of 100...
ℹ Reading part 70 of 100...
ℹ Reading part 71 of 100...
ℹ Reading part 72 of 100...
ℹ Reading part 73 of 100...
ℹ Reading part 74 of 100...
ℹ Reading part 75 of 100...
ℹ Reading part 76 of 100...
ℹ Reading part 77 of 100...
ℹ Reading part 78 of 100...
ℹ Reading part 79 of 100...
ℹ Reading part 80 of 100...
ℹ Reading part 81 of 100...
ℹ Reading part 82 of 100...
ℹ Reading part 83 of 100...
ℹ Reading part 84 of 100...
ℹ Reading part 85 of 100...
ℹ Reading part 86 of 100...
ℹ Reading part 87 of 100...
ℹ Reading part 88 of 100...
ℹ Reading part 89 of 100...
ℹ Reading part 90 of 100...
ℹ Reading part 91 of 100...
ℹ Reading part 92 of 100...
ℹ Reading part 93 of 100...
ℹ Reading part 94 of 100...
ℹ Reading part 95 of 100...
ℹ Reading part 96 of 100...
ℹ Reading part 97 of 100...
ℹ Reading part 98 of 100...
ℹ Reading part 99 of 100...
ℹ Reading part 100 of 100...
ℹ postBA_arb.geno has 443 samples and 137384 SNPs
ℹ Calculating allele frequencies from 300 samples in 14 populations
! 123510 SNPs remain after filtering. 122804 are polymorphic.
ℹ Allele frequency matrix for 123510 SNPs and 14 populations is 23 MB
ℹ Computing pairwise f2 for all SNPs and population pairs requires 636 MB RAM without splitting
ℹ Computing without splitting since 636 < 8000 (maxmem)...
ℹ Data written to /Users/ell_thales/qpadm_project2/f2_composition/
ℹ Reading precomputed data for 14 populations...
ℹ Reading f2 data for 105 pairs...

BASIS: populations = 14  blocks = 708 

######## TWO-SOURCE: Turkey_N + Iran ########

ℹ Computing f4 stats...
ℹ Computing admixture weights...
ℹ Computing standard errors...
ℹ Computing number of admixture waves...
  Greece_Minoan_POOL         p = 1.16e-05   Turkey_N_QC 87.5% (Z 34.61) | Iran_GanjDareh_N_QC 12.5% (Z 4.93)   <<< MODEL REJECTED - indicative only
ℹ Computing f4 stats...
ℹ Computing admixture weights...
ℹ Computing standard errors...
ℹ Computing number of admixture waves...
  Greece_Mycenaean_POOL      p = 0.00101    Turkey_N_QC 93.2% (Z 35.54) | Iran_GanjDareh_N_QC 6.8% (Z 2.60)   <<< MODEL REJECTED - indicative only
ℹ Computing f4 stats...
ℹ Computing admixture weights...
ℹ Computing standard errors...
ℹ Computing number of admixture waves...
  Turkey_EBA_WEST            p = 0.00746    Turkey_N_QC 67.9% (Z 19.71) | Iran_GanjDareh_N_QC 32.1% (Z 9.33)   <<< MODEL REJECTED - indicative only
ℹ Computing f4 stats...
ℹ Computing admixture weights...
ℹ Computing standard errors...
ℹ Computing number of admixture waves...
  Turkey_MLBA_QC             p = 4.16e-15   Turkey_N_QC 59.4% (Z 10.57) | Iran_GanjDareh_N_QC 40.6% (Z 7.23)   <<< MODEL REJECTED - indicative only

######## THREE-SOURCE (target needs steppe) ########

ℹ Computing f4 stats...
ℹ Computing admixture weights...
ℹ Computing standard errors...
ℹ Computing number of admixture waves...
  MyDNA                      p = 0.752      Turkey_N_QC 60.0% (Z 6.36) | Iran_GanjDareh_N_QC 26.4% (Z 4.33) | Russia_Eneolithic_Steppe_QC 13.6% (Z 2.31)

######## THE POINT ########
The anchors differ chiefly in ONE dimension: internal Iran/CHG fraction.
That single axis is the whole story. The six-outgroup panel is blind on it.
