ℹ Reading allele frequencies from EIGENSTRAT files...
ℹ Reading part 1 of 100...
ℹ Reading part 2 of 100...
ℹ Reading part 3 of 100...
ℹ Reading part 4 of 100...
ℹ Reading part 5 of 100...
ℹ Reading part 6 of 100...
ℹ Reading part 7 of 100...
ℹ Reading part 8 of 100...
ℹ Reading part 9 of 100...
ℹ Reading part 10 of 100...
ℹ Reading part 11 of 100...
ℹ Reading part 12 of 100...
ℹ Reading part 13 of 100...
ℹ Reading part 14 of 100...
ℹ Reading part 15 of 100...
ℹ Reading part 16 of 100...
ℹ Reading part 17 of 100...
ℹ Reading part 18 of 100...
ℹ Reading part 19 of 100...
ℹ Reading part 20 of 100...
ℹ Reading part 21 of 100...
ℹ Reading part 22 of 100...
ℹ Reading part 23 of 100...
ℹ Reading part 24 of 100...
ℹ Reading part 25 of 100...
ℹ Reading part 26 of 100...
ℹ Reading part 27 of 100...
ℹ Reading part 28 of 100...
ℹ Reading part 29 of 100...
ℹ Reading part 30 of 100...
ℹ Reading part 31 of 100...
ℹ Reading part 32 of 100...
ℹ Reading part 33 of 100...
ℹ Reading part 34 of 100...
ℹ Reading part 35 of 100...
ℹ Reading part 36 of 100...
ℹ Reading part 37 of 100...
ℹ Reading part 38 of 100...
ℹ Reading part 39 of 100...
ℹ Reading part 40 of 100...
ℹ Reading part 41 of 100...
ℹ Reading part 42 of 100...
ℹ Reading part 43 of 100...
ℹ Reading part 44 of 100...
ℹ Reading part 45 of 100...
ℹ Reading part 46 of 100...
ℹ Reading part 47 of 100...
ℹ Reading part 48 of 100...
ℹ Reading part 49 of 100...
ℹ Reading part 50 of 100...
ℹ Reading part 51 of 100...
ℹ Reading part 52 of 100...
ℹ Reading part 53 of 100...
ℹ Reading part 54 of 100...
ℹ Reading part 55 of 100...
ℹ Reading part 56 of 100...
ℹ Reading part 57 of 100...
ℹ Reading part 58 of 100...
ℹ Reading part 59 of 100...
ℹ Reading part 60 of 100...
ℹ Reading part 61 of 100...
ℹ Reading part 62 of 100...
ℹ Reading part 63 of 100...
ℹ Reading part 64 of 100...
ℹ Reading part 65 of 100...
ℹ Reading part 66 of 100...
ℹ Reading part 67 of 100...
ℹ Reading part 68 of 100...
ℹ Reading part 69 of 100...
ℹ Reading part 70 of 100...
ℹ Reading part 71 of 100...
ℹ Reading part 72 of 100...
ℹ Reading part 73 of 100...
ℹ Reading part 74 of 100...
ℹ Reading part 75 of 100...
ℹ Reading part 76 of 100...
ℹ Reading part 77 of 100...
ℹ Reading part 78 of 100...
ℹ Reading part 79 of 100...
ℹ Reading part 80 of 100...
ℹ Reading part 81 of 100...
ℹ Reading part 82 of 100...
ℹ Reading part 83 of 100...
ℹ Reading part 84 of 100...
ℹ Reading part 85 of 100...
ℹ Reading part 86 of 100...
ℹ Reading part 87 of 100...
ℹ Reading part 88 of 100...
ℹ Reading part 89 of 100...
ℹ Reading part 90 of 100...
ℹ Reading part 91 of 100...
ℹ Reading part 92 of 100...
ℹ Reading part 93 of 100...
ℹ Reading part 94 of 100...
ℹ Reading part 95 of 100...
ℹ Reading part 96 of 100...
ℹ Reading part 97 of 100...
ℹ Reading part 98 of 100...
ℹ Reading part 99 of 100...
ℹ Reading part 100 of 100...
ℹ postBA_west.geno has 400 samples and 142250 SNPs
ℹ Calculating allele frequencies from 246 samples in 12 populations
! 123871 SNPs remain after filtering. 123000 are polymorphic.
ℹ Allele frequency matrix for 123871 SNPs and 12 populations is 21 MB
ℹ Computing pairwise f2 for all SNPs and population pairs requires 499 MB RAM without splitting
ℹ Computing without splitting since 499 < 8000 (maxmem)...
ℹ Data written to /Users/ell_thales/qpadm_project2/f2_74_replication/
Warning message:
In discard_snps(snpdat, maxmiss = maxmiss, auto_only = auto_only,  :
  Keeping only chromosomes 1 to 22! Set `auto_only = FALSE` to keep all chromosomes!
ℹ Reading precomputed data for 12 populations...
ℹ Reading f2 data for 78 pairs...

######## THE §7.4 STATISTIC — one variable swapped ########
f4(Mbuti, MyDNA; Greece_Minoan_POOL, <comparator>)
positive Z = MyDNA shares more drift with the MINOANS
PUBLISHED: vs Turkey_N_QC, Z = 1.69, p = 0.091  <- the core caveat

  vs Turkey_N_QC         est +0.000363  SE 0.000215  Z +1.69  p 0.09122
  vs Turkey_EBA_WEST     est -0.001334  SE 0.000284  Z -4.69  p 2.672e-06

######## control: is the panel unchanged underneath? ########
continuity model, Minoan anchor (published 62.5 / 20.4 / 17.1, p 0.398)
ℹ Computing f4 stats...
ℹ Computing admixture weights...
ℹ Computing standard errors...
ℹ Computing number of admixture waves...
# A tibble: 3 × 5
  target left                        weight     se     z
  <chr>  <chr>                        <dbl>  <dbl> <dbl>
1 MyDNA  Greece_Minoan_POOL           0.625 0.102   6.13
2 MyDNA  Iran_GanjDareh_N_QC          0.204 0.0657  3.10
3 MyDNA  Russia_Eneolithic_Steppe_QC  0.171 0.0563  3.04
# A tibble: 1 × 7
  f4rank   dof chisq     p dofdiff chisqdiff p_nested
   <int> <int> <dbl> <dbl>   <int>     <dbl>    <dbl>
1      2     3  2.96 0.398       5      268. 8.59e-56

######## qpWave: Minoan vs each comparator ########
ℹ Computing f4 stats...
ℹ Computing number of admixture waves...
  Minoan vs Turkey_N_QC         chisq  79.37  p 1.136e-15
ℹ Computing f4 stats...
ℹ Computing number of admixture waves...
  Minoan vs Turkey_EBA_WEST     chisq  73.72  p 1.724e-14

######## continuity model with the Anatolian anchor ########
ℹ Computing f4 stats...
ℹ Computing admixture weights...
ℹ Computing standard errors...
ℹ Computing number of admixture waves...
# A tibble: 3 × 5
  target left                        weight     se     z
  <chr>  <chr>                        <dbl>  <dbl> <dbl>
1 MyDNA  Turkey_EBA_WEST             0.716  0.120  5.96 
2 MyDNA  Iran_GanjDareh_N_QC         0.0640 0.0873 0.733
3 MyDNA  Russia_Eneolithic_Steppe_QC 0.220  0.0509 4.31 
# A tibble: 1 × 7
  f4rank   dof chisq     p dofdiff chisqdiff p_nested
   <int> <int> <dbl> <dbl>   <int>     <dbl>    <dbl>
1      2     3 0.666 0.881       5      157. 3.41e-32
