==========================================================
 run_chisq_null.R   2026-07-13 17:25:35 
==========================================================

Model: Germany_Esperstedt_CordedWare <- Russia_Samara_EBA_Yamnaya + Czechia_N_GlobularAmphora 
SNP loss is RANDOM by construction. That is the null Section 3 needs.

PRE-REGISTERED:
  P1. chi^2 is far noisier than Section 3 assumes. Under RANDOM 17.7%
      loss, chi^2 falls by >= 51% in more than 10% of replicates.  [~65%]
  P2. If P1 holds, the Section 3 exhibit is within noise and the
      'signature' has no discriminating power.       [conditional on P1]
  P3. chi^2 ~ N holds only for a REJECTED model. For an ACCEPTED model
      chi^2 is basis-invariant. Section 3 states the scaling law
      unconditionally, and it is wrong to.                        [~80%]
  P4. If the fall IS anomalous, Section 3 survives and finally gets
      the null distribution it admits it owes.

##### baseline, full basis #####
ℹ Computing f4 stats...
ℹ Computing admixture weights...
ℹ Computing standard errors...
ℹ Computing number of admixture waves...
Warning message:
In discard_snps(snpdat, maxmiss = maxmiss, auto_only = auto_only,  :
  Keeping only chromosomes 1 to 22! Set `auto_only = FALSE` to keep all chromosomes!
ℹ Computing f4 stats...
ℹ Computing admixture weights...
ℹ Computing standard errors...
ℹ Computing number of admixture waves...
Warning message:
In discard_snps(snpdat, maxmiss = maxmiss, auto_only = auto_only,  :
  Keeping only chromosomes 1 to 22! Set `auto_only = FALSE` to keep all chromosomes!
  REJECTED model (7 right): N = 898,057  chi^2 = 13.93  dof 5  p = 0.01603
  ACCEPTED model (6 right): N = 898,057  chi^2 = 5.21  dof 4  p = 0.2668

##### P3 -- does chi^2 scale with N? Rejected vs accepted model #####
If Section 3's law is unconditional, BOTH should fall proportionally.

ℹ Computing f4 stats...
ℹ Computing admixture weights...
ℹ Computing standard errors...
ℹ Computing number of admixture waves...
ℹ Computing f4 stats...
ℹ Computing admixture weights...
ℹ Computing standard errors...
ℹ Computing number of admixture waves...
  ~50% of SNPs (N = 556,426)
     REJECTED: chi^2 13.93 -> 17.53  (126% of baseline; N is 62%)
     ACCEPTED: chi^2 5.21 -> 8.43  (162% of baseline)
ℹ Computing f4 stats...
ℹ Computing admixture weights...
ℹ Computing standard errors...
ℹ Computing number of admixture waves...
ℹ Computing f4 stats...
ℹ Computing admixture weights...
ℹ Computing standard errors...
ℹ Computing number of admixture waves...
  ~75% of SNPs (N = 834,539)
     REJECTED: chi^2 13.93 -> 18.06  (130% of baseline; N is 93%)
     ACCEPTED: chi^2 5.21 -> 8.32  (160% of baseline)
Warning messages:
1: In read_f2(dir, pops, pops2, type = type, remove_na = remove_na,  :
  Discarding 3 block(s) due to missing values!
Discarded block(s): 713, 714, 751
2: In read_f2(dir, pops, pops2, type = type, remove_na = remove_na,  :
  Discarding 3 block(s) due to missing values!
Discarded block(s): 713, 714, 751
3: In read_f2(dir, pops, pops2, type = type, remove_na = remove_na,  :
  Discarding 2 block(s) due to missing values!
Discarded block(s): 712, 749
4: In read_f2(dir, pops, pops2, type = type, remove_na = remove_na,  :
  Discarding 2 block(s) due to missing values!
Discarded block(s): 712, 749

##### P1/P2 -- the NULL: chi^2 under RANDOM SNP loss #####
Rejected model. 20 replicates per loss fraction.
Section 3's exhibit: 17.7%% loss, chi^2 fell 51%% (15.14 -> 7.36).

ℹ Computing f4 stats...
ℹ Computing admixture weights...
ℹ Computing standard errors...
ℹ Computing number of admixture waves...
ℹ Computing f4 stats...
ℹ Computing admixture weights...
ℹ Computing standard errors...
ℹ Computing number of admixture waves...
ℹ Computing f4 stats...
ℹ Computing admixture weights...
ℹ Computing standard errors...
ℹ Computing number of admixture waves...
ℹ Computing f4 stats...
ℹ Computing admixture weights...
ℹ Computing standard errors...
ℹ Computing number of admixture waves...
ℹ Computing f4 stats...
ℹ Computing admixture weights...
ℹ Computing standard errors...
ℹ Computing number of admixture waves...
ℹ Computing f4 stats...
ℹ Computing admixture weights...
ℹ Computing standard errors...
ℹ Computing number of admixture waves...
ℹ Computing f4 stats...
ℹ Computing admixture weights...
ℹ Computing standard errors...
ℹ Computing number of admixture waves...
ℹ Computing f4 stats...
ℹ Computing admixture weights...
ℹ Computing standard errors...
ℹ Computing number of admixture waves...
ℹ Computing f4 stats...
ℹ Computing admixture weights...
ℹ Computing standard errors...
ℹ Computing number of admixture waves...
ℹ Computing f4 stats...
ℹ Computing admixture weights...
ℹ Computing standard errors...
ℹ Computing number of admixture waves...
ℹ Computing f4 stats...
ℹ Computing admixture weights...
ℹ Computing standard errors...
ℹ Computing number of admixture waves...
ℹ Computing f4 stats...
ℹ Computing admixture weights...
ℹ Computing standard errors...
ℹ Computing number of admixture waves...
ℹ Computing f4 stats...
ℹ Computing admixture weights...
ℹ Computing standard errors...
ℹ Computing number of admixture waves...
ℹ Computing f4 stats...
ℹ Computing admixture weights...
ℹ Computing standard errors...
ℹ Computing number of admixture waves...
ℹ Computing f4 stats...
ℹ Computing admixture weights...
ℹ Computing standard errors...
ℹ Computing number of admixture waves...
ℹ Computing f4 stats...
ℹ Computing admixture weights...
ℹ Computing standard errors...
ℹ Computing number of admixture waves...
ℹ Computing f4 stats...
ℹ Computing admixture weights...
ℹ Computing standard errors...
ℹ Computing number of admixture waves...
ℹ Computing f4 stats...
ℹ Computing admixture weights...
ℹ Computing standard errors...
ℹ Computing number of admixture waves...
ℹ Computing f4 stats...
ℹ Computing admixture weights...
ℹ Computing standard errors...
ℹ Computing number of admixture waves...
ℹ Computing f4 stats...
ℹ Computing admixture weights...
ℹ Computing standard errors...
ℹ Computing number of admixture waves...
ℹ Computing f4 stats...
ℹ Computing admixture weights...
ℹ Computing standard errors...
ℹ Computing number of admixture waves...
ℹ Computing f4 stats...
ℹ Computing admixture weights...
ℹ Computing standard errors...
ℹ Computing number of admixture waves...
ℹ Computing f4 stats...
ℹ Computing admixture weights...
ℹ Computing standard errors...
ℹ Computing number of admixture waves...
ℹ Computing f4 stats...
ℹ Computing admixture weights...
ℹ Computing standard errors...
ℹ Computing number of admixture waves...
ℹ Computing f4 stats...
ℹ Computing admixture weights...
ℹ Computing standard errors...
ℹ Computing number of admixture waves...
ℹ Computing f4 stats...
ℹ Computing admixture weights...
ℹ Computing standard errors...
ℹ Computing number of admixture waves...
ℹ Computing f4 stats...
ℹ Computing admixture weights...
ℹ Computing standard errors...
ℹ Computing number of admixture waves...
ℹ Computing f4 stats...
ℹ Computing admixture weights...
ℹ Computing standard errors...
ℹ Computing number of admixture waves...
ℹ Computing f4 stats...
ℹ Computing admixture weights...
ℹ Computing standard errors...
ℹ Computing number of admixture waves...
ℹ Computing f4 stats...
ℹ Computing admixture weights...
ℹ Computing standard errors...
ℹ Computing number of admixture waves...
ℹ Computing f4 stats...
ℹ Computing admixture weights...
ℹ Computing standard errors...
ℹ Computing number of admixture waves...
ℹ Computing f4 stats...
ℹ Computing admixture weights...
ℹ Computing standard errors...
ℹ Computing number of admixture waves...
ℹ Computing f4 stats...
ℹ Computing admixture weights...
ℹ Computing standard errors...
ℹ Computing number of admixture waves...
ℹ Computing f4 stats...
ℹ Computing admixture weights...
ℹ Computing standard errors...
ℹ Computing number of admixture waves...
ℹ Computing f4 stats...
ℹ Computing admixture weights...
ℹ Computing standard errors...
ℹ Computing number of admixture waves...
ℹ Computing f4 stats...
ℹ Computing admixture weights...
ℹ Computing standard errors...
ℹ Computing number of admixture waves...
ℹ Computing f4 stats...
ℹ Computing admixture weights...
ℹ Computing standard errors...
ℹ Computing number of admixture waves...
ℹ Computing f4 stats...
ℹ Computing admixture weights...
ℹ Computing standard errors...
ℹ Computing number of admixture waves...
ℹ Computing f4 stats...
ℹ Computing admixture weights...
ℹ Computing standard errors...
ℹ Computing number of admixture waves...
ℹ Computing f4 stats...
ℹ Computing admixture weights...
ℹ Computing standard errors...
ℹ Computing number of admixture waves...
ℹ Computing f4 stats...
ℹ Computing admixture weights...
ℹ Computing standard errors...
ℹ Computing number of admixture waves...
ℹ Computing f4 stats...
ℹ Computing admixture weights...
ℹ Computing standard errors...
ℹ Computing number of admixture waves...
ℹ Computing f4 stats...
ℹ Computing admixture weights...
ℹ Computing standard errors...
ℹ Computing number of admixture waves...
ℹ Computing f4 stats...
ℹ Computing admixture weights...
ℹ Computing standard errors...
ℹ Computing number of admixture waves...
ℹ Computing f4 stats...
ℹ Computing admixture weights...
ℹ Computing standard errors...
ℹ Computing number of admixture waves...
ℹ Computing f4 stats...
ℹ Computing admixture weights...
ℹ Computing standard errors...
ℹ Computing number of admixture waves...
ℹ Computing f4 stats...
ℹ Computing admixture weights...
ℹ Computing standard errors...
ℹ Computing number of admixture waves...
ℹ Computing f4 stats...
ℹ Computing admixture weights...
ℹ Computing standard errors...
ℹ Computing number of admixture waves...
ℹ Computing f4 stats...
ℹ Computing admixture weights...
ℹ Computing standard errors...
ℹ Computing number of admixture waves...
ℹ Computing f4 stats...
ℹ Computing admixture weights...
ℹ Computing standard errors...
ℹ Computing number of admixture waves...
ℹ Computing f4 stats...
ℹ Computing admixture weights...
ℹ Computing standard errors...
ℹ Computing number of admixture waves...
ℹ Computing f4 stats...
ℹ Computing admixture weights...
ℹ Computing standard errors...
ℹ Computing number of admixture waves...
ℹ Computing f4 stats...
ℹ Computing admixture weights...
ℹ Computing standard errors...
ℹ Computing number of admixture waves...
ℹ Computing f4 stats...
ℹ Computing admixture weights...
ℹ Computing standard errors...
ℹ Computing number of admixture waves...
ℹ Computing f4 stats...
ℹ Computing admixture weights...
ℹ Computing standard errors...
ℹ Computing number of admixture waves...
ℹ Computing f4 stats...
ℹ Computing admixture weights...
ℹ Computing standard errors...
ℹ Computing number of admixture waves...
ℹ Computing f4 stats...
ℹ Computing admixture weights...
ℹ Computing standard errors...
ℹ Computing number of admixture waves...
ℹ Computing f4 stats...
ℹ Computing admixture weights...
ℹ Computing standard errors...
ℹ Computing number of admixture waves...
ℹ Computing f4 stats...
ℹ Computing admixture weights...
ℹ Computing standard errors...
ℹ Computing number of admixture waves...
ℹ Computing f4 stats...
ℹ Computing admixture weights...
ℹ Computing standard errors...
ℹ Computing number of admixture waves...
There were 50 or more warnings (use warnings() to see the first 50)
--- random loss 17.7%  (predicted chi^2 ratio if chi^2 ~ N: 0.82) ---
    observed chi^2 ratio: median 1.36   range 1.15 - 1.52
    observed chi^2:       median 19.01   range 16.08 - 21.23
    p-value flipped to non-rejection in 0 of 20 replicates
    >>> chi^2 fell by >= 51% (the exhibit's claim) in 0% of replicates <<<

--- random loss 30.0%  (predicted chi^2 ratio if chi^2 ~ N: 0.70) ---
    observed chi^2 ratio: median 1.40   range 1.04 - 1.73
    observed chi^2:       median 19.54   range 14.49 - 24.09
    p-value flipped to non-rejection in 0 of 20 replicates

--- random loss 50.0%  (predicted chi^2 ratio if chi^2 ~ N: 0.50) ---
    observed chi^2 ratio: median 1.14   range 0.40 - 1.65
    observed chi^2:       median 15.89   range 5.59 - 22.96
    p-value flipped to non-rejection in 1 of 20 replicates

==========================================================
 VERDICT
==========================================================

Under RANDOM 17.7% SNP loss, chi^2 fell by 51% or more in
  0% of 20 replicates.

  SECTION 3 SURVIVES. A 51% fall is rare under random loss. The
  exhibit's chi^2 collapse IS anomalous, and this run is the null
  distribution Section 3.4 admits it owes. Report both.

--- and P3, which Section 3 gets wrong either way ---
 frac      n chisq_rej chisq_ok ratio_rej ratio_ok n_ratio
 0.50 556426      17.5     8.43      1.26     1.62   0.620
 0.75 834539      18.1     8.32      1.30     1.60   0.929

  If ratio_rej tracks n_ratio but ratio_ok does not, then chi^2 ~ N
  holds ONLY for a rejected model. Section 3 states the law
  unconditionally. That is wrong, and it matters: an analyst applying
  the chi^2/N rule to a model that FITS will conclude non-random SNP
  loss from a statistic that was never going to scale.

Manifest: manifest/run_chisq_null.txt
Done.
